
#####( [run-kernel] Ejecutar un programa en esta ventana )#####

<<< Ruta absoluta (/): Ejecutando el programa objetivo: "src/kernel/bin/kernel" >>>
cd 'src/kernel/' ; \
'/home/utnso/tp-2024-2c-so/src/kernel/bin/kernel' RECURSOS_MUTEX_PROC 32 ; \
cd - >/dev/null ;
[36m[TRACE] 17:38:43:402 Kernel/(8619:8622): Conexión con [Servidor] CPU (Interrupt) iniciada
[0m[36m[TRACE] 17:38:43:402 Socket/(8619:8622): Intentando conectar con [Servidor] CPU (Interrupt) en IP: 127.0.0.1 - Puerto: 8007...
[0m[33m[WARNING] 17:38:43:402 Socket/(8619:8622): connect: Connection refused
[0m[33m[WARNING] 17:38:43:402 Socket/(8619:8622): No se pudo conectar con [Servidor] CPU (Interrupt) en IP: 127.0.0.1 - Puerto: 8007. Reintentando en 10 segundos...
[0m[36m[TRACE] 17:38:43:402 Kernel/(8619:8621): Conexión con [Servidor] CPU (Dispatch) iniciada
[0m[36m[TRACE] 17:38:43:402 Socket/(8619:8621): Intentando conectar con [Servidor] CPU (Dispatch) en IP: 127.0.0.1 - Puerto: 8006...
[0m[33m[WARNING] 17:38:43:402 Socket/(8619:8621): connect: Connection refused
[0m[33m[WARNING] 17:38:43:402 Socket/(8619:8621): No se pudo conectar con [Servidor] CPU (Dispatch) en IP: 127.0.0.1 - Puerto: 8006. Reintentando en 10 segundos...
[0m[36m[TRACE] 17:38:53:402 Socket/(8619:8622): Intentando conectar con [Servidor] CPU (Interrupt) en IP: 127.0.0.1 - Puerto: 8007...
[0m[33m[WARNING] 17:38:53:402 Socket/(8619:8622): connect: Connection refused
[0m[33m[WARNING] 17:38:53:402 Socket/(8619:8622): No se pudo conectar con [Servidor] CPU (Interrupt) en IP: 127.0.0.1 - Puerto: 8007. Reintentando en 10 segundos...
[0m[36m[TRACE] 17:38:53:403 Socket/(8619:8621): Intentando conectar con [Servidor] CPU (Dispatch) en IP: 127.0.0.1 - Puerto: 8006...
[0m[33m[WARNING] 17:38:53:403 Socket/(8619:8621): connect: Connection refused
[0m[33m[WARNING] 17:38:53:403 Socket/(8619:8621): No se pudo conectar con [Servidor] CPU (Dispatch) en IP: 127.0.0.1 - Puerto: 8006. Reintentando en 10 segundos...
[0m[36m[TRACE] 17:39:03:403 Socket/(8619:8622): Intentando conectar con [Servidor] CPU (Interrupt) en IP: 127.0.0.1 - Puerto: 8007...
[0m[33m[WARNING] 17:39:03:403 Socket/(8619:8622): connect: Connection refused
[0m[33m[WARNING] 17:39:03:403 Socket/(8619:8622): No se pudo conectar con [Servidor] CPU (Interrupt) en IP: 127.0.0.1 - Puerto: 8007. Reintentando en 10 segundos...
[0m[36m[TRACE] 17:39:03:403 Socket/(8619:8621): Intentando conectar con [Servidor] CPU (Dispatch) en IP: 127.0.0.1 - Puerto: 8006...
[0m[33m[WARNING] 17:39:03:404 Socket/(8619:8621): connect: Connection refused
[0m[33m[WARNING] 17:39:03:404 Socket/(8619:8621): No se pudo conectar con [Servidor] CPU (Dispatch) en IP: 127.0.0.1 - Puerto: 8006. Reintentando en 10 segundos...
[0m[36m[TRACE] 17:39:13:403 Socket/(8619:8622): Intentando conectar con [Servidor] CPU (Interrupt) en IP: 127.0.0.1 - Puerto: 8007...
[0m[36m[TRACE] 17:39:13:404 Socket/(8619:8622): [7] Conectado con [Servidor] CPU (Interrupt)
[0m[32m[DEBUG] 17:39:13:404 Socket/(8619:8622): [7] OK Handshake con [Servidor] CPU (Interrupt)
[0m[36m[TRACE] 17:39:13:404 Kernel/(8619:8622): [7] Conexión con [Servidor] CPU (Interrupt) exitosa
[0m[36m[TRACE] 17:39:13:404 Socket/(8619:8621): Intentando conectar con [Servidor] CPU (Dispatch) en IP: 127.0.0.1 - Puerto: 8006...
[0m[36m[TRACE] 17:39:13:405 Socket/(8619:8621): [8] Conectado con [Servidor] CPU (Dispatch)
[0m[32m[DEBUG] 17:39:13:405 Socket/(8619:8621): [8] OK Handshake con [Servidor] CPU (Dispatch)
[0m[36m[TRACE] 17:39:13:405 Kernel/(8619:8621): [8] Conexión con [Servidor] CPU (Dispatch) exitosa
[0m[INFO] 17:39:13:406 Minimal/(8619:8619): ## (0:0) Se crea el proceso - Estado: NEW
[0m[32m[DEBUG] 17:39:13:406 Kernel/(8619:8619): Modulo kernel inicializado correctamente

[0m[36m[TRACE] 17:39:13:406 Kernel/(8619:8619): Hilo planificador de corto plazo iniciado
[0m[36m[TRACE] 17:39:13:407 Kernel/(8619:8787): Hilo planificador de largo plazo (en EXIT) iniciado
[0m[36m[TRACE] 17:39:13:407 Kernel/(8619:8788): Hilo de interrupciones de quantum iniciado
[0m[36m[TRACE] 17:39:13:407 Kernel/(8619:8789): Hilo de IO iniciado
[0m[36m[TRACE] 17:39:13:407 Kernel/(8619:8786): Hilo planificador de largo plazo (en NEW) iniciado
[0m[36m[TRACE] 17:39:13:407 Kernel/(8619:8786): Conexión con [Servidor] Memoria iniciada
[0m[36m[TRACE] 17:39:13:407 Socket/(8619:8786): Intentando conectar con [Servidor] Memoria en IP: 192.168.1.134 - Puerto: 8002...
[0m[36m[TRACE] 17:39:13:408 Socket/(8619:8786): [9] Conectado con [Servidor] Memoria
[0m[32m[DEBUG] 17:39:13:409 Socket/(8619:8786): [9] OK Handshake con [Servidor] Memoria
[0m[36m[TRACE] 17:39:13:410 Kernel/(8619:8786): [9] Conexión con [Servidor] Memoria exitosa
[0m[36m[TRACE] 17:39:13:410 Kernel/(8619:8786): [9] Se envía solicitud de creacion de proceso a [Servidor] Memoria [PID: 0 - Tamaño: 32]
[0m[36m[TRACE] 17:39:13:410 Kernel/(8619:8786): [9] Se recibe resultado de creacion de proceso de [Servidor] Memoria [PID: 0 - Resultado: 0]
[0m[36m[TRACE] 17:39:13:411 Kernel/(8619:8786): Conexión con [Servidor] Memoria iniciada
[0m[36m[TRACE] 17:39:13:411 Socket/(8619:8786): Intentando conectar con [Servidor] Memoria en IP: 192.168.1.134 - Puerto: 8002...
[0m[36m[TRACE] 17:39:13:411 Socket/(8619:8786): [9] Conectado con [Servidor] Memoria
[0m[32m[DEBUG] 17:39:13:413 Socket/(8619:8786): [9] OK Handshake con [Servidor] Memoria
[0m[36m[TRACE] 17:39:13:413 Kernel/(8619:8786): [9] Conexión con [Servidor] Memoria exitosa
[0m[36m[TRACE] 17:39:13:413 Kernel/(8619:8786): [9] Se envía solicitud de creación de hilo a [Servidor] Memoria [PID: 0 - TID: 0 - Archivo: RECURSOS_MUTEX_PROC]
[0m[36m[TRACE] 17:39:13:415 Kernel/(8619:8786): [9] Se recibe resultado de creación de hilo de [Servidor] Memoria [PID: 0 - TID: 0 - Resultado: 0]
[0m[36m[TRACE] 17:39:13:415 Kernel/(8619:8786): (0:0): Estado Anterior: NEW - Estado Actual: READY
[0m[INFO] 17:39:13:415 Minimal/(8619:8786): ## (0:0) Se crea el Hilo - Estado: READY
[0m[36m[TRACE] 17:39:13:415 Kernel/(8619:8619): (0:0): Estado Anterior: READY - Estado Actual: EXEC
[0m[36m[TRACE] 17:39:13:415 Kernel/(8619:8619): [8] Se envía dispatch de hilo a [Servidor] CPU (Dispatch) [PID: 0 - TID: 0]
[0m[36m[TRACE] 17:39:13:540 Kernel/(8619:8788): [7] Se envía interrupcion por quantum tras 150 ms a [Servidor] CPU (Interrupt) [PID: 0 - TID: 0]
[0m[36m[TRACE] 17:39:14:840 Kernel/(8619:8619): [8] Se recibe desalojo de hilo de [Servidor] CPU (Dispatch) [PID: 0 - TID: 0 - Motivo: SYSCALL_EVICTION_REASON]
[0m[INFO] 17:39:14:840 Minimal/(8619:8619): ## (0:0) - Solicitó syscall: PROCESS_CREATE
[0m[36m[TRACE] 17:39:14:840 Kernel/(8619:8619): PROCESS_CREATE RECURSOS_RACE_PROC 16 4
[0m[INFO] 17:39:14:840 Minimal/(8619:8619): ## (1:0) Se crea el proceso - Estado: NEW
[0m[36m[TRACE] 17:39:14:840 Kernel/(8619:8619): [8] Se envía dispatch de hilo a [Servidor] CPU (Dispatch) [PID: 0 - TID: 0]
[0m[36m[TRACE] 17:39:14:840 Kernel/(8619:8786): Conexión con [Servidor] Memoria iniciada
[0m[36m[TRACE] 17:39:14:840 Socket/(8619:8786): Intentando conectar con [Servidor] Memoria en IP: 192.168.1.134 - Puerto: 8002...
[0m[36m[TRACE] 17:39:14:842 Socket/(8619:8786): [9] Conectado con [Servidor] Memoria
[0m[32m[DEBUG] 17:39:14:847 Socket/(8619:8786): [9] OK Handshake con [Servidor] Memoria
[0m[36m[TRACE] 17:39:14:847 Kernel/(8619:8786): [9] Conexión con [Servidor] Memoria exitosa
[0m[36m[TRACE] 17:39:14:847 Kernel/(8619:8786): [9] Se envía solicitud de creacion de proceso a [Servidor] Memoria [PID: 1 - Tamaño: 16]
[0m[36m[TRACE] 17:39:14:850 Kernel/(8619:8786): [9] Se recibe resultado de creacion de proceso de [Servidor] Memoria [PID: 1 - Resultado: 0]
[0m[36m[TRACE] 17:39:14:850 Kernel/(8619:8786): Conexión con [Servidor] Memoria iniciada
[0m[36m[TRACE] 17:39:14:850 Socket/(8619:8786): Intentando conectar con [Servidor] Memoria en IP: 192.168.1.134 - Puerto: 8002...
[0m[36m[TRACE] 17:39:14:852 Socket/(8619:8786): [9] Conectado con [Servidor] Memoria
[0m[32m[DEBUG] 17:39:14:853 Socket/(8619:8786): [9] OK Handshake con [Servidor] Memoria
[0m[36m[TRACE] 17:39:14:854 Kernel/(8619:8786): [9] Conexión con [Servidor] Memoria exitosa
[0m[36m[TRACE] 17:39:14:854 Kernel/(8619:8786): [9] Se envía solicitud de creación de hilo a [Servidor] Memoria [PID: 1 - TID: 0 - Archivo: RECURSOS_RACE_PROC]
[0m[36m[TRACE] 17:39:14:857 Kernel/(8619:8786): [9] Se recibe resultado de creación de hilo de [Servidor] Memoria [PID: 1 - TID: 0 - Resultado: 0]
[0m[36m[TRACE] 17:39:14:857 Kernel/(8619:8786): (1:0): Estado Anterior: NEW - Estado Actual: READY
[0m[INFO] 17:39:14:857 Minimal/(8619:8786): ## (1:0) Se crea el Hilo - Estado: READY
[0m[36m[TRACE] 17:39:14:964 Kernel/(8619:8788): [7] Se envía interrupcion por quantum tras 150 ms a [Servidor] CPU (Interrupt) [PID: 0 - TID: 0]
[0m[36m[TRACE] 17:39:15:501 Kernel/(8619:8619): [8] Se recibe desalojo de hilo de [Servidor] CPU (Dispatch) [PID: 0 - TID: 0 - Motivo: SYSCALL_EVICTION_REASON]
[0m[INFO] 17:39:15:501 Minimal/(8619:8619): ## (0:0) - Solicitó syscall: MUTEX_CREATE
[0m[36m[TRACE] 17:39:15:501 Kernel/(8619:8619): MUTEX_CREATE MUTEX
[0m[36m[TRACE] 17:39:15:501 Kernel/(8619:8619): [8] Se envía dispatch de hilo a [Servidor] CPU (Dispatch) [PID: 0 - TID: 0]
[0m[36m[TRACE] 17:39:15:625 Kernel/(8619:8788): [7] Se envía interrupcion por quantum tras 150 ms a [Servidor] CPU (Interrupt) [PID: 0 - TID: 0]
[0m[36m[TRACE] 17:39:16:154 Kernel/(8619:8619): [8] Se recibe desalojo de hilo de [Servidor] CPU (Dispatch) [PID: 0 - TID: 0 - Motivo: SYSCALL_EVICTION_REASON]
[0m[INFO] 17:39:16:154 Minimal/(8619:8619): ## (0:0) - Solicitó syscall: THREAD_CREATE
[0m[36m[TRACE] 17:39:16:154 Kernel/(8619:8619): THREAD_CREATE RECURSOS_MUTEX_THREAD 6
[0m[36m[TRACE] 17:39:16:154 Kernel/(8619:8619): Conexión con [Servidor] Memoria iniciada
[0m[36m[TRACE] 17:39:16:154 Socket/(8619:8619): Intentando conectar con [Servidor] Memoria en IP: 192.168.1.134 - Puerto: 8002...
[0m[36m[TRACE] 17:39:16:155 Socket/(8619:8619): [9] Conectado con [Servidor] Memoria
[0m[32m[DEBUG] 17:39:16:157 Socket/(8619:8619): [9] OK Handshake con [Servidor] Memoria
[0m[36m[TRACE] 17:39:16:157 Kernel/(8619:8619): [9] Conexión con [Servidor] Memoria exitosa
[0m[36m[TRACE] 17:39:16:157 Kernel/(8619:8619): [9] Se envía solicitud de creación de hilo a [Servidor] Memoria [PID: 0 - TID: 1 - Archivo: RECURSOS_MUTEX_THREAD]
[0m[36m[TRACE] 17:39:16:159 Kernel/(8619:8619): [9] Se recibe resultado de creación de hilo de [Servidor] Memoria [PID: 0 - TID: 1 - Resultado: 0]
[0m[36m[TRACE] 17:39:16:160 Kernel/(8619:8619): (0:1): Estado Anterior: NEW - Estado Actual: READY
[0m[INFO] 17:39:16:160 Minimal/(8619:8619): ## (0:1) Se crea el Hilo - Estado: READY
[0m[36m[TRACE] 17:39:16:160 Kernel/(8619:8619): [8] Se envía dispatch de hilo a [Servidor] CPU (Dispatch) [PID: 0 - TID: 0]
[0m[36m[TRACE] 17:39:16:285 Kernel/(8619:8788): [7] Se envía interrupcion por quantum tras 150 ms a [Servidor] CPU (Interrupt) [PID: 0 - TID: 0]
[0m[36m[TRACE] 17:39:16:812 Kernel/(8619:8619): [8] Se recibe desalojo de hilo de [Servidor] CPU (Dispatch) [PID: 0 - TID: 0 - Motivo: SYSCALL_EVICTION_REASON]
[0m[INFO] 17:39:16:813 Minimal/(8619:8619): ## (0:0) - Solicitó syscall: THREAD_CREATE
[0m[36m[TRACE] 17:39:16:813 Kernel/(8619:8619): THREAD_CREATE RECURSOS_MUTEX_THREAD 6
[0m[36m[TRACE] 17:39:16:813 Kernel/(8619:8619): Conexión con [Servidor] Memoria iniciada
[0m[36m[TRACE] 17:39:16:813 Socket/(8619:8619): Intentando conectar con [Servidor] Memoria en IP: 192.168.1.134 - Puerto: 8002...
[0m[36m[TRACE] 17:39:16:814 Socket/(8619:8619): [9] Conectado con [Servidor] Memoria
[0m[32m[DEBUG] 17:39:16:820 Socket/(8619:8619): [9] OK Handshake con [Servidor] Memoria
[0m[36m[TRACE] 17:39:16:820 Kernel/(8619:8619): [9] Conexión con [Servidor] Memoria exitosa
[0m[36m[TRACE] 17:39:16:821 Kernel/(8619:8619): [9] Se envía solicitud de creación de hilo a [Servidor] Memoria [PID: 0 - TID: 2 - Archivo: RECURSOS_MUTEX_THREAD]
[0m[36m[TRACE] 17:39:16:839 Kernel/(8619:8619): [9] Se recibe resultado de creación de hilo de [Servidor] Memoria [PID: 0 - TID: 2 - Resultado: 0]
[0m[36m[TRACE] 17:39:16:839 Kernel/(8619:8619): (0:2): Estado Anterior: NEW - Estado Actual: READY
[0m[INFO] 17:39:16:839 Minimal/(8619:8619): ## (0:2) Se crea el Hilo - Estado: READY
[0m[36m[TRACE] 17:39:16:840 Kernel/(8619:8619): [8] Se envía dispatch de hilo a [Servidor] CPU (Dispatch) [PID: 0 - TID: 0]
[0m[36m[TRACE] 17:39:16:964 Kernel/(8619:8788): [7] Se envía interrupcion por quantum tras 150 ms a [Servidor] CPU (Interrupt) [PID: 0 - TID: 0]
[0m[36m[TRACE] 17:39:17:496 Kernel/(8619:8619): [8] Se recibe desalojo de hilo de [Servidor] CPU (Dispatch) [PID: 0 - TID: 0 - Motivo: SYSCALL_EVICTION_REASON]
[0m[INFO] 17:39:17:496 Minimal/(8619:8619): ## (0:0) - Solicitó syscall: THREAD_CREATE
[0m[36m[TRACE] 17:39:17:496 Kernel/(8619:8619): THREAD_CREATE RECURSOS_MUTEX_THREAD 6
[0m[36m[TRACE] 17:39:17:496 Kernel/(8619:8619): Conexión con [Servidor] Memoria iniciada
[0m[36m[TRACE] 17:39:17:496 Socket/(8619:8619): Intentando conectar con [Servidor] Memoria en IP: 192.168.1.134 - Puerto: 8002...
[0m[36m[TRACE] 17:39:17:498 Socket/(8619:8619): [9] Conectado con [Servidor] Memoria
[0m[32m[DEBUG] 17:39:17:499 Socket/(8619:8619): [9] OK Handshake con [Servidor] Memoria
[0m[36m[TRACE] 17:39:17:500 Kernel/(8619:8619): [9] Conexión con [Servidor] Memoria exitosa
[0m[36m[TRACE] 17:39:17:500 Kernel/(8619:8619): [9] Se envía solicitud de creación de hilo a [Servidor] Memoria [PID: 0 - TID: 3 - Archivo: RECURSOS_MUTEX_THREAD]
[0m[36m[TRACE] 17:39:17:502 Kernel/(8619:8619): [9] Se recibe resultado de creación de hilo de [Servidor] Memoria [PID: 0 - TID: 3 - Resultado: 0]
[0m[36m[TRACE] 17:39:17:503 Kernel/(8619:8619): (0:3): Estado Anterior: NEW - Estado Actual: READY
[0m[INFO] 17:39:17:503 Minimal/(8619:8619): ## (0:3) Se crea el Hilo - Estado: READY
[0m[36m[TRACE] 17:39:17:503 Kernel/(8619:8619): [8] Se envía dispatch de hilo a [Servidor] CPU (Dispatch) [PID: 0 - TID: 0]
[0m[36m[TRACE] 17:39:17:627 Kernel/(8619:8788): [7] Se envía interrupcion por quantum tras 150 ms a [Servidor] CPU (Interrupt) [PID: 0 - TID: 0]
[0m[36m[TRACE] 17:39:18:155 Kernel/(8619:8619): [8] Se recibe desalojo de hilo de [Servidor] CPU (Dispatch) [PID: 0 - TID: 0 - Motivo: SYSCALL_EVICTION_REASON]
[0m[INFO] 17:39:18:155 Minimal/(8619:8619): ## (0:0) - Solicitó syscall: THREAD_CREATE
[0m[36m[TRACE] 17:39:18:155 Kernel/(8619:8619): THREAD_CREATE RECURSOS_MUTEX_THREAD 6
[0m[36m[TRACE] 17:39:18:155 Kernel/(8619:8619): Conexión con [Servidor] Memoria iniciada
[0m[36m[TRACE] 17:39:18:155 Socket/(8619:8619): Intentando conectar con [Servidor] Memoria en IP: 192.168.1.134 - Puerto: 8002...
[0m[36m[TRACE] 17:39:18:157 Socket/(8619:8619): [9] Conectado con [Servidor] Memoria
[0m[32m[DEBUG] 17:39:18:159 Socket/(8619:8619): [9] OK Handshake con [Servidor] Memoria
[0m[36m[TRACE] 17:39:18:159 Kernel/(8619:8619): [9] Conexión con [Servidor] Memoria exitosa
[0m[36m[TRACE] 17:39:18:159 Kernel/(8619:8619): [9] Se envía solicitud de creación de hilo a [Servidor] Memoria [PID: 0 - TID: 4 - Archivo: RECURSOS_MUTEX_THREAD]
[0m[36m[TRACE] 17:39:18:162 Kernel/(8619:8619): [9] Se recibe resultado de creación de hilo de [Servidor] Memoria [PID: 0 - TID: 4 - Resultado: 0]
[0m[36m[TRACE] 17:39:18:163 Kernel/(8619:8619): (0:4): Estado Anterior: NEW - Estado Actual: READY
[0m[INFO] 17:39:18:163 Minimal/(8619:8619): ## (0:4) Se crea el Hilo - Estado: READY
[0m[36m[TRACE] 17:39:18:163 Kernel/(8619:8619): [8] Se envía dispatch de hilo a [Servidor] CPU (Dispatch) [PID: 0 - TID: 0]
[0m[36m[TRACE] 17:39:18:288 Kernel/(8619:8788): [7] Se envía interrupcion por quantum tras 150 ms a [Servidor] CPU (Interrupt) [PID: 0 - TID: 0]
[0m[36m[TRACE] 17:39:18:814 Kernel/(8619:8619): [8] Se recibe desalojo de hilo de [Servidor] CPU (Dispatch) [PID: 0 - TID: 0 - Motivo: SYSCALL_EVICTION_REASON]
[0m[INFO] 17:39:18:814 Minimal/(8619:8619): ## (0:0) - Solicitó syscall: THREAD_JOIN
[0m[36m[TRACE] 17:39:18:814 Kernel/(8619:8619): THREAD_JOIN 1
[0m[36m[TRACE] 17:39:18:814 Kernel/(8619:8619): (0:0): Estado Anterior: EXEC - Estado Actual: BLOCKED_JOIN
[0m[INFO] 17:39:18:814 Minimal/(8619:8619): ## (0:0) - Bloqueado por: THREAD_JOIN
[0m[36m[TRACE] 17:39:18:814 Kernel/(8619:8619): (1:0): Estado Anterior: READY - Estado Actual: EXEC
[0m[36m[TRACE] 17:39:18:815 Kernel/(8619:8619): [8] Se envía dispatch de hilo a [Servidor] CPU (Dispatch) [PID: 1 - TID: 0]
[0m[36m[TRACE] 17:39:18:939 Kernel/(8619:8788): [7] Se envía interrupcion por quantum tras 150 ms a [Servidor] CPU (Interrupt) [PID: 1 - TID: 0]
[0m[36m[TRACE] 17:39:20:296 Kernel/(8619:8619): [8] Se recibe desalojo de hilo de [Servidor] CPU (Dispatch) [PID: 1 - TID: 0 - Motivo: SYSCALL_EVICTION_REASON]
[0m[INFO] 17:39:20:296 Minimal/(8619:8619): ## (1:0) - Solicitó syscall: THREAD_CREATE
[0m[36m[TRACE] 17:39:20:296 Kernel/(8619:8619): THREAD_CREATE RECURSOS_RACE_THREAD 5
[0m[36m[TRACE] 17:39:20:296 Kernel/(8619:8619): Conexión con [Servidor] Memoria iniciada
[0m[36m[TRACE] 17:39:20:296 Socket/(8619:8619): Intentando conectar con [Servidor] Memoria en IP: 192.168.1.134 - Puerto: 8002...
[0m[36m[TRACE] 17:39:20:299 Socket/(8619:8619): [9] Conectado con [Servidor] Memoria
[0m[32m[DEBUG] 17:39:20:303 Socket/(8619:8619): [9] OK Handshake con [Servidor] Memoria
[0m[36m[TRACE] 17:39:20:303 Kernel/(8619:8619): [9] Conexión con [Servidor] Memoria exitosa
[0m[36m[TRACE] 17:39:20:303 Kernel/(8619:8619): [9] Se envía solicitud de creación de hilo a [Servidor] Memoria [PID: 1 - TID: 1 - Archivo: RECURSOS_RACE_THREAD]
[0m[36m[TRACE] 17:39:20:311 Kernel/(8619:8619): [9] Se recibe resultado de creación de hilo de [Servidor] Memoria [PID: 1 - TID: 1 - Resultado: 0]
[0m[36m[TRACE] 17:39:20:311 Kernel/(8619:8619): (1:1): Estado Anterior: NEW - Estado Actual: READY
[0m[INFO] 17:39:20:311 Minimal/(8619:8619): ## (1:1) Se crea el Hilo - Estado: READY
[0m[36m[TRACE] 17:39:20:311 Kernel/(8619:8619): [8] Se envía dispatch de hilo a [Servidor] CPU (Dispatch) [PID: 1 - TID: 0]
[0m[36m[TRACE] 17:39:20:436 Kernel/(8619:8788): [7] Se envía interrupcion por quantum tras 150 ms a [Servidor] CPU (Interrupt) [PID: 1 - TID: 0]
[0m[36m[TRACE] 17:39:20:960 Kernel/(8619:8619): [8] Se recibe desalojo de hilo de [Servidor] CPU (Dispatch) [PID: 1 - TID: 0 - Motivo: SYSCALL_EVICTION_REASON]
[0m[INFO] 17:39:20:960 Minimal/(8619:8619): ## (1:0) - Solicitó syscall: THREAD_CREATE
[0m[36m[TRACE] 17:39:20:960 Kernel/(8619:8619): THREAD_CREATE RECURSOS_RACE_THREAD 5
[0m[36m[TRACE] 17:39:20:960 Kernel/(8619:8619): Conexión con [Servidor] Memoria iniciada
[0m[36m[TRACE] 17:39:20:960 Socket/(8619:8619): Intentando conectar con [Servidor] Memoria en IP: 192.168.1.134 - Puerto: 8002...
[0m[36m[TRACE] 17:39:20:961 Socket/(8619:8619): [9] Conectado con [Servidor] Memoria
[0m[32m[DEBUG] 17:39:20:965 Socket/(8619:8619): [9] OK Handshake con [Servidor] Memoria
[0m[36m[TRACE] 17:39:20:965 Kernel/(8619:8619): [9] Conexión con [Servidor] Memoria exitosa
[0m[36m[TRACE] 17:39:20:965 Kernel/(8619:8619): [9] Se envía solicitud de creación de hilo a [Servidor] Memoria [PID: 1 - TID: 2 - Archivo: RECURSOS_RACE_THREAD]
[0m[36m[TRACE] 17:39:20:970 Kernel/(8619:8619): [9] Se recibe resultado de creación de hilo de [Servidor] Memoria [PID: 1 - TID: 2 - Resultado: 0]
[0m[36m[TRACE] 17:39:20:971 Kernel/(8619:8619): (1:2): Estado Anterior: NEW - Estado Actual: READY
[0m[INFO] 17:39:20:971 Minimal/(8619:8619): ## (1:2) Se crea el Hilo - Estado: READY
[0m[36m[TRACE] 17:39:20:971 Kernel/(8619:8619): [8] Se envía dispatch de hilo a [Servidor] CPU (Dispatch) [PID: 1 - TID: 0]
[0m[36m[TRACE] 17:39:21:095 Kernel/(8619:8788): [7] Se envía interrupcion por quantum tras 150 ms a [Servidor] CPU (Interrupt) [PID: 1 - TID: 0]
[0m[36m[TRACE] 17:39:21:623 Kernel/(8619:8619): [8] Se recibe desalojo de hilo de [Servidor] CPU (Dispatch) [PID: 1 - TID: 0 - Motivo: SYSCALL_EVICTION_REASON]
[0m[INFO] 17:39:21:623 Minimal/(8619:8619): ## (1:0) - Solicitó syscall: THREAD_CREATE
[0m[36m[TRACE] 17:39:21:623 Kernel/(8619:8619): THREAD_CREATE RECURSOS_RACE_THREAD 5
[0m[36m[TRACE] 17:39:21:623 Kernel/(8619:8619): Conexión con [Servidor] Memoria iniciada
[0m[36m[TRACE] 17:39:21:623 Socket/(8619:8619): Intentando conectar con [Servidor] Memoria en IP: 192.168.1.134 - Puerto: 8002...
[0m[36m[TRACE] 17:39:21:624 Socket/(8619:8619): [9] Conectado con [Servidor] Memoria
[0m[32m[DEBUG] 17:39:21:629 Socket/(8619:8619): [9] OK Handshake con [Servidor] Memoria
[0m[36m[TRACE] 17:39:21:629 Kernel/(8619:8619): [9] Conexión con [Servidor] Memoria exitosa
[0m[36m[TRACE] 17:39:21:630 Kernel/(8619:8619): [9] Se envía solicitud de creación de hilo a [Servidor] Memoria [PID: 1 - TID: 3 - Archivo: RECURSOS_RACE_THREAD]
[0m[36m[TRACE] 17:39:21:638 Kernel/(8619:8619): [9] Se recibe resultado de creación de hilo de [Servidor] Memoria [PID: 1 - TID: 3 - Resultado: 0]
[0m[36m[TRACE] 17:39:21:638 Kernel/(8619:8619): (1:3): Estado Anterior: NEW - Estado Actual: READY
[0m[INFO] 17:39:21:638 Minimal/(8619:8619): ## (1:3) Se crea el Hilo - Estado: READY
[0m[36m[TRACE] 17:39:21:639 Kernel/(8619:8619): [8] Se envía dispatch de hilo a [Servidor] CPU (Dispatch) [PID: 1 - TID: 0]
[0m[36m[TRACE] 17:39:21:763 Kernel/(8619:8788): [7] Se envía interrupcion por quantum tras 150 ms a [Servidor] CPU (Interrupt) [PID: 1 - TID: 0]
[0m[36m[TRACE] 17:39:22:295 Kernel/(8619:8619): [8] Se recibe desalojo de hilo de [Servidor] CPU (Dispatch) [PID: 1 - TID: 0 - Motivo: SYSCALL_EVICTION_REASON]
[0m[INFO] 17:39:22:295 Minimal/(8619:8619): ## (1:0) - Solicitó syscall: THREAD_CREATE
[0m[36m[TRACE] 17:39:22:295 Kernel/(8619:8619): THREAD_CREATE RECURSOS_RACE_THREAD 5
[0m[36m[TRACE] 17:39:22:295 Kernel/(8619:8619): Conexión con [Servidor] Memoria iniciada
[0m[36m[TRACE] 17:39:22:295 Socket/(8619:8619): Intentando conectar con [Servidor] Memoria en IP: 192.168.1.134 - Puerto: 8002...
[0m[36m[TRACE] 17:39:22:297 Socket/(8619:8619): [9] Conectado con [Servidor] Memoria
[0m[32m[DEBUG] 17:39:22:303 Socket/(8619:8619): [9] OK Handshake con [Servidor] Memoria
[0m[36m[TRACE] 17:39:22:303 Kernel/(8619:8619): [9] Conexión con [Servidor] Memoria exitosa
[0m[36m[TRACE] 17:39:22:303 Kernel/(8619:8619): [9] Se envía solicitud de creación de hilo a [Servidor] Memoria [PID: 1 - TID: 4 - Archivo: RECURSOS_RACE_THREAD]
[0m[36m[TRACE] 17:39:22:305 Kernel/(8619:8619): [9] Se recibe resultado de creación de hilo de [Servidor] Memoria [PID: 1 - TID: 4 - Resultado: 0]
[0m[36m[TRACE] 17:39:22:305 Kernel/(8619:8619): (1:4): Estado Anterior: NEW - Estado Actual: READY
[0m[INFO] 17:39:22:306 Minimal/(8619:8619): ## (1:4) Se crea el Hilo - Estado: READY
[0m[36m[TRACE] 17:39:22:307 Kernel/(8619:8619): [8] Se envía dispatch de hilo a [Servidor] CPU (Dispatch) [PID: 1 - TID: 0]
[0m[36m[TRACE] 17:39:22:431 Kernel/(8619:8788): [7] Se envía interrupcion por quantum tras 150 ms a [Servidor] CPU (Interrupt) [PID: 1 - TID: 0]
[0m[36m[TRACE] 17:39:22:963 Kernel/(8619:8619): [8] Se recibe desalojo de hilo de [Servidor] CPU (Dispatch) [PID: 1 - TID: 0 - Motivo: SYSCALL_EVICTION_REASON]
[0m[INFO] 17:39:22:963 Minimal/(8619:8619): ## (1:0) - Solicitó syscall: THREAD_JOIN
[0m[36m[TRACE] 17:39:22:963 Kernel/(8619:8619): THREAD_JOIN 1
[0m[36m[TRACE] 17:39:22:963 Kernel/(8619:8619): (1:0): Estado Anterior: EXEC - Estado Actual: BLOCKED_JOIN
[0m[INFO] 17:39:22:963 Minimal/(8619:8619): ## (1:0) - Bloqueado por: THREAD_JOIN
[0m[36m[TRACE] 17:39:22:963 Kernel/(8619:8619): (1:1): Estado Anterior: READY - Estado Actual: EXEC
[0m[36m[TRACE] 17:39:22:963 Kernel/(8619:8619): [8] Se envía dispatch de hilo a [Servidor] CPU (Dispatch) [PID: 1 - TID: 1]
[0m[36m[TRACE] 17:39:23:087 Kernel/(8619:8788): [7] Se envía interrupcion por quantum tras 150 ms a [Servidor] CPU (Interrupt) [PID: 1 - TID: 1]
[0m[36m[TRACE] 17:39:40:776 Kernel/(8619:8619): [8] Se recibe desalojo de hilo de [Servidor] CPU (Dispatch) [PID: 1 - TID: 1 - Motivo: EXIT_EVICTION_REASON]
[0m[INFO] 17:39:40:776 Minimal/(8619:8619): ## (1:1) - Solicitó syscall: THREAD_EXIT
[0m[36m[TRACE] 17:39:40:776 Kernel/(8619:8619): THREAD_EXIT
[0m[36m[TRACE] 17:39:40:776 Kernel/(8619:8619): (1:1): Estado Anterior: EXEC - Estado Actual: EXIT
[0m[36m[TRACE] 17:39:40:776 Kernel/(8619:8619): (1:2): Estado Anterior: READY - Estado Actual: EXEC
[0m[36m[TRACE] 17:39:40:776 Kernel/(8619:8619): [8] Se envía dispatch de hilo a [Servidor] CPU (Dispatch) [PID: 1 - TID: 2]
[0m[36m[TRACE] 17:39:40:776 Kernel/(8619:8787): Finaliza el hilo 1:1 - Motivo: THREAD_EXIT
[0m[36m[TRACE] 17:39:40:776 Kernel/(8619:8787): Conexión con [Servidor] Memoria iniciada
[0m[36m[TRACE] 17:39:40:776 Socket/(8619:8787): Intentando conectar con [Servidor] Memoria en IP: 192.168.1.134 - Puerto: 8002...
[0m[36m[TRACE] 17:39:40:778 Socket/(8619:8787): [9] Conectado con [Servidor] Memoria
[0m[32m[DEBUG] 17:39:40:782 Socket/(8619:8787): [9] OK Handshake con [Servidor] Memoria
[0m[36m[TRACE] 17:39:40:782 Kernel/(8619:8787): [9] Conexión con [Servidor] Memoria exitosa
[0m[36m[TRACE] 17:39:40:783 Kernel/(8619:8787): [9] Se envía solicitud de finalización de hilo a [Servidor] Memoria [PID: 1 - TID: 1]
[0m[36m[TRACE] 17:39:40:785 Kernel/(8619:8787): [9] Se recibe resultado de finalización de hilo de [Servidor] Memoria [PID: 1 - TID 1 - Resultado: 0]
[0m[INFO] 17:39:40:785 Minimal/(8619:8787): ## (1:1) Finaliza el hilo
[0m[36m[TRACE] 17:39:40:785 Kernel/(8619:8787): (1:0): Estado Anterior: BLOCKED_JOIN - Estado Actual: READY
[0m[36m[TRACE] 17:39:40:901 Kernel/(8619:8788): [7] Se envía interrupcion por quantum tras 150 ms a [Servidor] CPU (Interrupt) [PID: 1 - TID: 2]
[0m[36m[TRACE] 17:39:58:576 Kernel/(8619:8619): [8] Se recibe desalojo de hilo de [Servidor] CPU (Dispatch) [PID: 1 - TID: 2 - Motivo: EXIT_EVICTION_REASON]
[0m[INFO] 17:39:58:576 Minimal/(8619:8619): ## (1:2) - Solicitó syscall: THREAD_EXIT
[0m[36m[TRACE] 17:39:58:576 Kernel/(8619:8619): THREAD_EXIT
[0m[36m[TRACE] 17:39:58:576 Kernel/(8619:8619): (1:2): Estado Anterior: EXEC - Estado Actual: EXIT
[0m[36m[TRACE] 17:39:58:576 Kernel/(8619:8619): (1:0): Estado Anterior: READY - Estado Actual: EXEC
[0m[36m[TRACE] 17:39:58:576 Kernel/(8619:8619): [8] Se envía dispatch de hilo a [Servidor] CPU (Dispatch) [PID: 1 - TID: 0]
[0m[36m[TRACE] 17:39:58:576 Kernel/(8619:8787): Finaliza el hilo 1:2 - Motivo: THREAD_EXIT
[0m[36m[TRACE] 17:39:58:576 Kernel/(8619:8787): Conexión con [Servidor] Memoria iniciada
[0m[36m[TRACE] 17:39:58:576 Socket/(8619:8787): Intentando conectar con [Servidor] Memoria en IP: 192.168.1.134 - Puerto: 8002...
[0m[36m[TRACE] 17:39:58:578 Socket/(8619:8787): [9] Conectado con [Servidor] Memoria
[0m[32m[DEBUG] 17:39:58:583 Socket/(8619:8787): [9] OK Handshake con [Servidor] Memoria
[0m[36m[TRACE] 17:39:58:583 Kernel/(8619:8787): [9] Conexión con [Servidor] Memoria exitosa
[0m[36m[TRACE] 17:39:58:583 Kernel/(8619:8787): [9] Se envía solicitud de finalización de hilo a [Servidor] Memoria [PID: 1 - TID: 2]
[0m[36m[TRACE] 17:39:58:585 Kernel/(8619:8787): [9] Se recibe resultado de finalización de hilo de [Servidor] Memoria [PID: 1 - TID 2 - Resultado: 0]
[0m[INFO] 17:39:58:585 Minimal/(8619:8787): ## (1:2) Finaliza el hilo
[0m[36m[TRACE] 17:39:58:701 Kernel/(8619:8788): [7] Se envía interrupcion por quantum tras 150 ms a [Servidor] CPU (Interrupt) [PID: 1 - TID: 0]
[0m[36m[TRACE] 17:39:59:231 Kernel/(8619:8619): [8] Se recibe desalojo de hilo de [Servidor] CPU (Dispatch) [PID: 1 - TID: 0 - Motivo: SYSCALL_EVICTION_REASON]
[0m[INFO] 17:39:59:231 Minimal/(8619:8619): ## (1:0) - Solicitó syscall: THREAD_JOIN
[0m[36m[TRACE] 17:39:59:231 Kernel/(8619:8619): THREAD_JOIN 2
[0m[33m[WARNING] 17:39:59:231 Kernel/(8619:8619): No existe un hilo con TID <2>
[0m[36m[TRACE] 17:39:59:231 Kernel/(8619:8619): [8] Se envía dispatch de hilo a [Servidor] CPU (Dispatch) [PID: 1 - TID: 0]
[0m[36m[TRACE] 17:39:59:355 Kernel/(8619:8788): [7] Se envía interrupcion por quantum tras 150 ms a [Servidor] CPU (Interrupt) [PID: 1 - TID: 0]
[0m[36m[TRACE] 17:39:59:887 Kernel/(8619:8619): [8] Se recibe desalojo de hilo de [Servidor] CPU (Dispatch) [PID: 1 - TID: 0 - Motivo: SYSCALL_EVICTION_REASON]
[0m[INFO] 17:39:59:887 Minimal/(8619:8619): ## (1:0) - Solicitó syscall: THREAD_JOIN
[0m[36m[TRACE] 17:39:59:887 Kernel/(8619:8619): THREAD_JOIN 3
[0m[36m[TRACE] 17:39:59:888 Kernel/(8619:8619): (1:0): Estado Anterior: EXEC - Estado Actual: BLOCKED_JOIN
[0m[INFO] 17:39:59:888 Minimal/(8619:8619): ## (1:0) - Bloqueado por: THREAD_JOIN
[0m[36m[TRACE] 17:39:59:888 Kernel/(8619:8619): (1:3): Estado Anterior: READY - Estado Actual: EXEC
[0m[36m[TRACE] 17:39:59:888 Kernel/(8619:8619): [8] Se envía dispatch de hilo a [Servidor] CPU (Dispatch) [PID: 1 - TID: 3]
[0m[36m[TRACE] 17:40:00:012 Kernel/(8619:8788): [7] Se envía interrupcion por quantum tras 150 ms a [Servidor] CPU (Interrupt) [PID: 1 - TID: 3]
[0m[36m[TRACE] 17:40:17:671 Kernel/(8619:8619): [8] Se recibe desalojo de hilo de [Servidor] CPU (Dispatch) [PID: 1 - TID: 3 - Motivo: EXIT_EVICTION_REASON]
[0m[INFO] 17:40:17:671 Minimal/(8619:8619): ## (1:3) - Solicitó syscall: THREAD_EXIT
[0m[36m[TRACE] 17:40:17:671 Kernel/(8619:8619): THREAD_EXIT
[0m[36m[TRACE] 17:40:17:671 Kernel/(8619:8619): (1:3): Estado Anterior: EXEC - Estado Actual: EXIT
[0m[36m[TRACE] 17:40:17:671 Kernel/(8619:8619): (1:4): Estado Anterior: READY - Estado Actual: EXEC
[0m[36m[TRACE] 17:40:17:671 Kernel/(8619:8619): [8] Se envía dispatch de hilo a [Servidor] CPU (Dispatch) [PID: 1 - TID: 4]
[0m[36m[TRACE] 17:40:17:671 Kernel/(8619:8787): Finaliza el hilo 1:3 - Motivo: THREAD_EXIT
[0m[36m[TRACE] 17:40:17:672 Kernel/(8619:8787): Conexión con [Servidor] Memoria iniciada
[0m[36m[TRACE] 17:40:17:672 Socket/(8619:8787): Intentando conectar con [Servidor] Memoria en IP: 192.168.1.134 - Puerto: 8002...
[0m[36m[TRACE] 17:40:17:681 Socket/(8619:8787): [9] Conectado con [Servidor] Memoria
[0m[32m[DEBUG] 17:40:17:682 Socket/(8619:8787): [9] OK Handshake con [Servidor] Memoria
[0m[36m[TRACE] 17:40:17:682 Kernel/(8619:8787): [9] Conexión con [Servidor] Memoria exitosa
[0m[36m[TRACE] 17:40:17:682 Kernel/(8619:8787): [9] Se envía solicitud de finalización de hilo a [Servidor] Memoria [PID: 1 - TID: 3]
[0m[36m[TRACE] 17:40:17:684 Kernel/(8619:8787): [9] Se recibe resultado de finalización de hilo de [Servidor] Memoria [PID: 1 - TID 3 - Resultado: 0]
[0m[INFO] 17:40:17:684 Minimal/(8619:8787): ## (1:3) Finaliza el hilo
[0m[36m[TRACE] 17:40:17:684 Kernel/(8619:8787): (1:0): Estado Anterior: BLOCKED_JOIN - Estado Actual: READY
[0m[36m[TRACE] 17:40:17:796 Kernel/(8619:8788): [7] Se envía interrupcion por quantum tras 150 ms a [Servidor] CPU (Interrupt) [PID: 1 - TID: 4]
[0m[36m[TRACE] 17:40:35:475 Kernel/(8619:8619): [8] Se recibe desalojo de hilo de [Servidor] CPU (Dispatch) [PID: 1 - TID: 4 - Motivo: EXIT_EVICTION_REASON]
[0m[INFO] 17:40:35:475 Minimal/(8619:8619): ## (1:4) - Solicitó syscall: THREAD_EXIT
[0m[36m[TRACE] 17:40:35:475 Kernel/(8619:8619): THREAD_EXIT
[0m[36m[TRACE] 17:40:35:475 Kernel/(8619:8619): (1:4): Estado Anterior: EXEC - Estado Actual: EXIT
[0m[36m[TRACE] 17:40:35:475 Kernel/(8619:8619): (1:0): Estado Anterior: READY - Estado Actual: EXEC
[0m[36m[TRACE] 17:40:35:475 Kernel/(8619:8619): [8] Se envía dispatch de hilo a [Servidor] CPU (Dispatch) [PID: 1 - TID: 0]
[0m[36m[TRACE] 17:40:35:476 Kernel/(8619:8787): Finaliza el hilo 1:4 - Motivo: THREAD_EXIT
[0m[36m[TRACE] 17:40:35:476 Kernel/(8619:8787): Conexión con [Servidor] Memoria iniciada
[0m[36m[TRACE] 17:40:35:476 Socket/(8619:8787): Intentando conectar con [Servidor] Memoria en IP: 192.168.1.134 - Puerto: 8002...
[0m[36m[TRACE] 17:40:35:477 Socket/(8619:8787): [9] Conectado con [Servidor] Memoria
[0m[32m[DEBUG] 17:40:35:481 Socket/(8619:8787): [9] OK Handshake con [Servidor] Memoria
[0m[36m[TRACE] 17:40:35:481 Kernel/(8619:8787): [9] Conexión con [Servidor] Memoria exitosa
[0m[36m[TRACE] 17:40:35:481 Kernel/(8619:8787): [9] Se envía solicitud de finalización de hilo a [Servidor] Memoria [PID: 1 - TID: 4]
[0m[36m[TRACE] 17:40:35:483 Kernel/(8619:8787): [9] Se recibe resultado de finalización de hilo de [Servidor] Memoria [PID: 1 - TID 4 - Resultado: 0]
[0m[INFO] 17:40:35:483 Minimal/(8619:8787): ## (1:4) Finaliza el hilo
[0m[36m[TRACE] 17:40:35:600 Kernel/(8619:8788): [7] Se envía interrupcion por quantum tras 150 ms a [Servidor] CPU (Interrupt) [PID: 1 - TID: 0]
[0m[36m[TRACE] 17:40:36:130 Kernel/(8619:8619): [8] Se recibe desalojo de hilo de [Servidor] CPU (Dispatch) [PID: 1 - TID: 0 - Motivo: SYSCALL_EVICTION_REASON]
[0m[INFO] 17:40:36:130 Minimal/(8619:8619): ## (1:0) - Solicitó syscall: THREAD_JOIN
[0m[36m[TRACE] 17:40:36:130 Kernel/(8619:8619): THREAD_JOIN 4
[0m[33m[WARNING] 17:40:36:130 Kernel/(8619:8619): No existe un hilo con TID <4>
[0m[36m[TRACE] 17:40:36:131 Kernel/(8619:8619): [8] Se envía dispatch de hilo a [Servidor] CPU (Dispatch) [PID: 1 - TID: 0]
[0m[36m[TRACE] 17:40:36:255 Kernel/(8619:8788): [7] Se envía interrupcion por quantum tras 150 ms a [Servidor] CPU (Interrupt) [PID: 1 - TID: 0]
[0m[36m[TRACE] 17:40:37:596 Kernel/(8619:8619): [8] Se recibe desalojo de hilo de [Servidor] CPU (Dispatch) [PID: 1 - TID: 0 - Motivo: EXIT_EVICTION_REASON]
[0m[INFO] 17:40:37:596 Minimal/(8619:8619): ## (1:0) - Solicitó syscall: PROCESS_EXIT
[0m[36m[TRACE] 17:40:37:596 Kernel/(8619:8619): PROCESS_EXIT
[0m[36m[TRACE] 17:40:37:596 Kernel/(8619:8619): (1:0): Estado Anterior: EXEC - Estado Actual: EXIT
[0m[36m[TRACE] 17:40:37:596 Kernel/(8619:8619): (0:1): Estado Anterior: READY - Estado Actual: EXEC
[0m[36m[TRACE] 17:40:37:596 Kernel/(8619:8619): [8] Se envía dispatch de hilo a [Servidor] CPU (Dispatch) [PID: 0 - TID: 1]
[0m[36m[TRACE] 17:40:37:596 Kernel/(8619:8787): Finaliza el hilo 1:0 - Motivo: PROCESS_EXIT
[0m[36m[TRACE] 17:40:37:596 Kernel/(8619:8787): Conexión con [Servidor] Memoria iniciada
[0m[36m[TRACE] 17:40:37:596 Socket/(8619:8787): Intentando conectar con [Servidor] Memoria en IP: 192.168.1.134 - Puerto: 8002...
[0m[36m[TRACE] 17:40:37:598 Socket/(8619:8787): [9] Conectado con [Servidor] Memoria
[0m[32m[DEBUG] 17:40:37:601 Socket/(8619:8787): [9] OK Handshake con [Servidor] Memoria
[0m[36m[TRACE] 17:40:37:602 Kernel/(8619:8787): [9] Conexión con [Servidor] Memoria exitosa
[0m[36m[TRACE] 17:40:37:602 Kernel/(8619:8787): [9] Se envía solicitud de finalización de hilo a [Servidor] Memoria [PID: 1 - TID: 0]
[0m[36m[TRACE] 17:40:37:604 Kernel/(8619:8787): [9] Se recibe resultado de finalización de hilo de [Servidor] Memoria [PID: 1 - TID 0 - Resultado: 0]
[0m[INFO] 17:40:37:604 Minimal/(8619:8787): ## (1:0) Finaliza el hilo
[0m[36m[TRACE] 17:40:37:604 Kernel/(8619:8787): Conexión con [Servidor] Memoria iniciada
[0m[36m[TRACE] 17:40:37:604 Socket/(8619:8787): Intentando conectar con [Servidor] Memoria en IP: 192.168.1.134 - Puerto: 8002...
[0m[36m[TRACE] 17:40:37:605 Socket/(8619:8787): [9] Conectado con [Servidor] Memoria
[0m[32m[DEBUG] 17:40:37:607 Socket/(8619:8787): [9] OK Handshake con [Servidor] Memoria
[0m[36m[TRACE] 17:40:37:607 Kernel/(8619:8787): [9] Conexión con [Servidor] Memoria exitosa
[0m[36m[TRACE] 17:40:37:607 Kernel/(8619:8787): [9] Se envía solicitud de finalización de proceso a [Servidor] Memoria [PID: 1]
[0m[36m[TRACE] 17:40:37:609 Kernel/(8619:8787): [9] Se recibe resultado de finalización de proceso de [Servidor] Memoria [PID: 1 - Resultado: 0]
[0m[INFO] 17:40:37:609 Minimal/(8619:8787): ## Finaliza el proceso 1
[0m[36m[TRACE] 17:40:37:721 Kernel/(8619:8788): [7] Se envía interrupcion por quantum tras 150 ms a [Servidor] CPU (Interrupt) [PID: 0 - TID: 1]
[0m[36m[TRACE] 17:40:39:272 Kernel/(8619:8619): [8] Se recibe desalojo de hilo de [Servidor] CPU (Dispatch) [PID: 0 - TID: 1 - Motivo: SYSCALL_EVICTION_REASON]
[0m[INFO] 17:40:39:272 Minimal/(8619:8619): ## (0:1) - Solicitó syscall: MUTEX_LOCK
[0m[36m[TRACE] 17:40:39:272 Kernel/(8619:8619): MUTEX_LOCK MUTEX
[0m[36m[TRACE] 17:40:39:272 Kernel/(8619:8619): (0:1): Estado Anterior: EXEC - Estado Actual: EXEC
[0m[36m[TRACE] 17:40:39:272 Kernel/(8619:8619): [8] Se envía dispatch de hilo a [Servidor] CPU (Dispatch) [PID: 0 - TID: 1]
[0m[36m[TRACE] 17:40:39:397 Kernel/(8619:8788): [7] Se envía interrupcion por quantum tras 150 ms a [Servidor] CPU (Interrupt) [PID: 0 - TID: 1]
[0m[36m[TRACE] 17:40:40:950 Kernel/(8619:8619): [8] Se recibe desalojo de hilo de [Servidor] CPU (Dispatch) [PID: 0 - TID: 1 - Motivo: SYSCALL_EVICTION_REASON]
[0m[INFO] 17:40:40:950 Minimal/(8619:8619): ## (0:1) - Solicitó syscall: MUTEX_UNLOCK
[0m[36m[TRACE] 17:40:40:950 Kernel/(8619:8619): MUTEX_UNLOCK MUTEX
[0m[36m[TRACE] 17:40:40:950 Kernel/(8619:8619): [8] Se envía dispatch de hilo a [Servidor] CPU (Dispatch) [PID: 0 - TID: 1]
[0m[36m[TRACE] 17:40:41:075 Kernel/(8619:8788): [7] Se envía interrupcion por quantum tras 150 ms a [Servidor] CPU (Interrupt) [PID: 0 - TID: 1]
[0m[36m[TRACE] 17:40:42:216 Kernel/(8619:8619): [8] Se recibe desalojo de hilo de [Servidor] CPU (Dispatch) [PID: 0 - TID: 1 - Motivo: SYSCALL_EVICTION_REASON]
[0m[INFO] 17:40:42:216 Minimal/(8619:8619): ## (0:1) - Solicitó syscall: MUTEX_LOCK
[0m[36m[TRACE] 17:40:42:216 Kernel/(8619:8619): MUTEX_LOCK MUTEX
[0m[36m[TRACE] 17:40:42:216 Kernel/(8619:8619): (0:1): Estado Anterior: EXEC - Estado Actual: EXEC
[0m[36m[TRACE] 17:40:42:216 Kernel/(8619:8619): [8] Se envía dispatch de hilo a [Servidor] CPU (Dispatch) [PID: 0 - TID: 1]
[0m[36m[TRACE] 17:40:42:341 Kernel/(8619:8788): [7] Se envía interrupcion por quantum tras 150 ms a [Servidor] CPU (Interrupt) [PID: 0 - TID: 1]
[0m[36m[TRACE] 17:40:43:884 Kernel/(8619:8619): [8] Se recibe desalojo de hilo de [Servidor] CPU (Dispatch) [PID: 0 - TID: 1 - Motivo: SYSCALL_EVICTION_REASON]
[0m[INFO] 17:40:43:884 Minimal/(8619:8619): ## (0:1) - Solicitó syscall: MUTEX_UNLOCK
[0m[36m[TRACE] 17:40:43:884 Kernel/(8619:8619): MUTEX_UNLOCK MUTEX
[0m[36m[TRACE] 17:40:43:884 Kernel/(8619:8619): [8] Se envía dispatch de hilo a [Servidor] CPU (Dispatch) [PID: 0 - TID: 1]
[0m[36m[TRACE] 17:40:44:009 Kernel/(8619:8788): [7] Se envía interrupcion por quantum tras 150 ms a [Servidor] CPU (Interrupt) [PID: 0 - TID: 1]
[0m[36m[TRACE] 17:40:45:159 Kernel/(8619:8619): [8] Se recibe desalojo de hilo de [Servidor] CPU (Dispatch) [PID: 0 - TID: 1 - Motivo: SYSCALL_EVICTION_REASON]
[0m[INFO] 17:40:45:159 Minimal/(8619:8619): ## (0:1) - Solicitó syscall: MUTEX_LOCK
[0m[36m[TRACE] 17:40:45:159 Kernel/(8619:8619): MUTEX_LOCK MUTEX
[0m[36m[TRACE] 17:40:45:159 Kernel/(8619:8619): (0:1): Estado Anterior: EXEC - Estado Actual: EXEC
[0m[36m[TRACE] 17:40:45:159 Kernel/(8619:8619): [8] Se envía dispatch de hilo a [Servidor] CPU (Dispatch) [PID: 0 - TID: 1]
[0m[36m[TRACE] 17:40:45:284 Kernel/(8619:8788): [7] Se envía interrupcion por quantum tras 150 ms a [Servidor] CPU (Interrupt) [PID: 0 - TID: 1]
[0m[36m[TRACE] 17:40:46:833 Kernel/(8619:8619): [8] Se recibe desalojo de hilo de [Servidor] CPU (Dispatch) [PID: 0 - TID: 1 - Motivo: SYSCALL_EVICTION_REASON]
[0m[INFO] 17:40:46:833 Minimal/(8619:8619): ## (0:1) - Solicitó syscall: MUTEX_UNLOCK
[0m[36m[TRACE] 17:40:46:833 Kernel/(8619:8619): MUTEX_UNLOCK MUTEX
[0m[36m[TRACE] 17:40:46:833 Kernel/(8619:8619): [8] Se envía dispatch de hilo a [Servidor] CPU (Dispatch) [PID: 0 - TID: 1]
[0m[36m[TRACE] 17:40:46:958 Kernel/(8619:8788): [7] Se envía interrupcion por quantum tras 150 ms a [Servidor] CPU (Interrupt) [PID: 0 - TID: 1]
[0m[36m[TRACE] 17:40:48:094 Kernel/(8619:8619): [8] Se recibe desalojo de hilo de [Servidor] CPU (Dispatch) [PID: 0 - TID: 1 - Motivo: SYSCALL_EVICTION_REASON]
[0m[INFO] 17:40:48:094 Minimal/(8619:8619): ## (0:1) - Solicitó syscall: MUTEX_LOCK
[0m[36m[TRACE] 17:40:48:094 Kernel/(8619:8619): MUTEX_LOCK MUTEX
[0m[36m[TRACE] 17:40:48:094 Kernel/(8619:8619): (0:1): Estado Anterior: EXEC - Estado Actual: EXEC
[0m[36m[TRACE] 17:40:48:094 Kernel/(8619:8619): [8] Se envía dispatch de hilo a [Servidor] CPU (Dispatch) [PID: 0 - TID: 1]
[0m[36m[TRACE] 17:40:48:219 Kernel/(8619:8788): [7] Se envía interrupcion por quantum tras 150 ms a [Servidor] CPU (Interrupt) [PID: 0 - TID: 1]
[0m[36m[TRACE] 17:40:49:767 Kernel/(8619:8619): [8] Se recibe desalojo de hilo de [Servidor] CPU (Dispatch) [PID: 0 - TID: 1 - Motivo: SYSCALL_EVICTION_REASON]
[0m[INFO] 17:40:49:768 Minimal/(8619:8619): ## (0:1) - Solicitó syscall: MUTEX_UNLOCK
[0m[36m[TRACE] 17:40:49:768 Kernel/(8619:8619): MUTEX_UNLOCK MUTEX
[0m[36m[TRACE] 17:40:49:768 Kernel/(8619:8619): [8] Se envía dispatch de hilo a [Servidor] CPU (Dispatch) [PID: 0 - TID: 1]
[0m[36m[TRACE] 17:40:49:892 Kernel/(8619:8788): [7] Se envía interrupcion por quantum tras 150 ms a [Servidor] CPU (Interrupt) [PID: 0 - TID: 1]
[0m[36m[TRACE] 17:40:51:042 Kernel/(8619:8619): [8] Se recibe desalojo de hilo de [Servidor] CPU (Dispatch) [PID: 0 - TID: 1 - Motivo: SYSCALL_EVICTION_REASON]
[0m[INFO] 17:40:51:043 Minimal/(8619:8619): ## (0:1) - Solicitó syscall: MUTEX_LOCK
[0m[36m[TRACE] 17:40:51:043 Kernel/(8619:8619): MUTEX_LOCK MUTEX
[0m[36m[TRACE] 17:40:51:043 Kernel/(8619:8619): (0:1): Estado Anterior: EXEC - Estado Actual: EXEC
[0m[36m[TRACE] 17:40:51:043 Kernel/(8619:8619): [8] Se envía dispatch de hilo a [Servidor] CPU (Dispatch) [PID: 0 - TID: 1]
[0m[36m[TRACE] 17:40:51:168 Kernel/(8619:8788): [7] Se envía interrupcion por quantum tras 150 ms a [Servidor] CPU (Interrupt) [PID: 0 - TID: 1]
[0m[36m[TRACE] 17:40:52:731 Kernel/(8619:8619): [8] Se recibe desalojo de hilo de [Servidor] CPU (Dispatch) [PID: 0 - TID: 1 - Motivo: SYSCALL_EVICTION_REASON]
[0m[INFO] 17:40:52:731 Minimal/(8619:8619): ## (0:1) - Solicitó syscall: MUTEX_UNLOCK
[0m[36m[TRACE] 17:40:52:731 Kernel/(8619:8619): MUTEX_UNLOCK MUTEX
[0m[36m[TRACE] 17:40:52:731 Kernel/(8619:8619): [8] Se envía dispatch de hilo a [Servidor] CPU (Dispatch) [PID: 0 - TID: 1]
[0m[36m[TRACE] 17:40:52:856 Kernel/(8619:8788): [7] Se envía interrupcion por quantum tras 150 ms a [Servidor] CPU (Interrupt) [PID: 0 - TID: 1]
[0m[36m[TRACE] 17:40:53:997 Kernel/(8619:8619): [8] Se recibe desalojo de hilo de [Servidor] CPU (Dispatch) [PID: 0 - TID: 1 - Motivo: SYSCALL_EVICTION_REASON]
[0m[INFO] 17:40:53:997 Minimal/(8619:8619): ## (0:1) - Solicitó syscall: MUTEX_LOCK
[0m[36m[TRACE] 17:40:53:997 Kernel/(8619:8619): MUTEX_LOCK MUTEX
[0m[36m[TRACE] 17:40:53:997 Kernel/(8619:8619): (0:1): Estado Anterior: EXEC - Estado Actual: EXEC
[0m[36m[TRACE] 17:40:53:997 Kernel/(8619:8619): [8] Se envía dispatch de hilo a [Servidor] CPU (Dispatch) [PID: 0 - TID: 1]
[0m[36m[TRACE] 17:40:54:121 Kernel/(8619:8788): [7] Se envía interrupcion por quantum tras 150 ms a [Servidor] CPU (Interrupt) [PID: 0 - TID: 1]
[0m[36m[TRACE] 17:40:55:671 Kernel/(8619:8619): [8] Se recibe desalojo de hilo de [Servidor] CPU (Dispatch) [PID: 0 - TID: 1 - Motivo: SYSCALL_EVICTION_REASON]
[0m[INFO] 17:40:55:671 Minimal/(8619:8619): ## (0:1) - Solicitó syscall: MUTEX_UNLOCK
[0m[36m[TRACE] 17:40:55:671 Kernel/(8619:8619): MUTEX_UNLOCK MUTEX
[0m[36m[TRACE] 17:40:55:671 Kernel/(8619:8619): [8] Se envía dispatch de hilo a [Servidor] CPU (Dispatch) [PID: 0 - TID: 1]
[0m[36m[TRACE] 17:40:55:796 Kernel/(8619:8788): [7] Se envía interrupcion por quantum tras 150 ms a [Servidor] CPU (Interrupt) [PID: 0 - TID: 1]
[0m[36m[TRACE] 17:40:56:936 Kernel/(8619:8619): [8] Se recibe desalojo de hilo de [Servidor] CPU (Dispatch) [PID: 0 - TID: 1 - Motivo: SYSCALL_EVICTION_REASON]
[0m[INFO] 17:40:56:936 Minimal/(8619:8619): ## (0:1) - Solicitó syscall: MUTEX_LOCK
[0m[36m[TRACE] 17:40:56:936 Kernel/(8619:8619): MUTEX_LOCK MUTEX
[0m[36m[TRACE] 17:40:56:936 Kernel/(8619:8619): (0:1): Estado Anterior: EXEC - Estado Actual: EXEC
[0m[36m[TRACE] 17:40:56:937 Kernel/(8619:8619): [8] Se envía dispatch de hilo a [Servidor] CPU (Dispatch) [PID: 0 - TID: 1]
[0m[36m[TRACE] 17:40:57:061 Kernel/(8619:8788): [7] Se envía interrupcion por quantum tras 150 ms a [Servidor] CPU (Interrupt) [PID: 0 - TID: 1]
[0m[36m[TRACE] 17:40:58:621 Kernel/(8619:8619): [8] Se recibe desalojo de hilo de [Servidor] CPU (Dispatch) [PID: 0 - TID: 1 - Motivo: SYSCALL_EVICTION_REASON]
[0m[INFO] 17:40:58:621 Minimal/(8619:8619): ## (0:1) - Solicitó syscall: MUTEX_UNLOCK
[0m[36m[TRACE] 17:40:58:621 Kernel/(8619:8619): MUTEX_UNLOCK MUTEX
[0m[36m[TRACE] 17:40:58:621 Kernel/(8619:8619): [8] Se envía dispatch de hilo a [Servidor] CPU (Dispatch) [PID: 0 - TID: 1]
[0m[36m[TRACE] 17:40:58:746 Kernel/(8619:8788): [7] Se envía interrupcion por quantum tras 150 ms a [Servidor] CPU (Interrupt) [PID: 0 - TID: 1]
[0m[36m[TRACE] 17:40:59:886 Kernel/(8619:8619): [8] Se recibe desalojo de hilo de [Servidor] CPU (Dispatch) [PID: 0 - TID: 1 - Motivo: SYSCALL_EVICTION_REASON]
[0m[INFO] 17:40:59:886 Minimal/(8619:8619): ## (0:1) - Solicitó syscall: MUTEX_LOCK
[0m[36m[TRACE] 17:40:59:886 Kernel/(8619:8619): MUTEX_LOCK MUTEX
[0m[36m[TRACE] 17:40:59:886 Kernel/(8619:8619): (0:1): Estado Anterior: EXEC - Estado Actual: EXEC
[0m[36m[TRACE] 17:40:59:886 Kernel/(8619:8619): [8] Se envía dispatch de hilo a [Servidor] CPU (Dispatch) [PID: 0 - TID: 1]
[0m[36m[TRACE] 17:41:00:011 Kernel/(8619:8788): [7] Se envía interrupcion por quantum tras 150 ms a [Servidor] CPU (Interrupt) [PID: 0 - TID: 1]
[0m[36m[TRACE] 17:41:01:559 Kernel/(8619:8619): [8] Se recibe desalojo de hilo de [Servidor] CPU (Dispatch) [PID: 0 - TID: 1 - Motivo: SYSCALL_EVICTION_REASON]
[0m[INFO] 17:41:01:559 Minimal/(8619:8619): ## (0:1) - Solicitó syscall: MUTEX_UNLOCK
[0m[36m[TRACE] 17:41:01:559 Kernel/(8619:8619): MUTEX_UNLOCK MUTEX
[0m[36m[TRACE] 17:41:01:559 Kernel/(8619:8619): [8] Se envía dispatch de hilo a [Servidor] CPU (Dispatch) [PID: 0 - TID: 1]
[0m[36m[TRACE] 17:41:01:684 Kernel/(8619:8788): [7] Se envía interrupcion por quantum tras 150 ms a [Servidor] CPU (Interrupt) [PID: 0 - TID: 1]
[0m[36m[TRACE] 17:41:02:828 Kernel/(8619:8619): [8] Se recibe desalojo de hilo de [Servidor] CPU (Dispatch) [PID: 0 - TID: 1 - Motivo: SYSCALL_EVICTION_REASON]
[0m[INFO] 17:41:02:828 Minimal/(8619:8619): ## (0:1) - Solicitó syscall: MUTEX_LOCK
[0m[36m[TRACE] 17:41:02:828 Kernel/(8619:8619): MUTEX_LOCK MUTEX
[0m[36m[TRACE] 17:41:02:828 Kernel/(8619:8619): (0:1): Estado Anterior: EXEC - Estado Actual: EXEC
[0m[36m[TRACE] 17:41:02:828 Kernel/(8619:8619): [8] Se envía dispatch de hilo a [Servidor] CPU (Dispatch) [PID: 0 - TID: 1]
[0m[36m[TRACE] 17:41:02:952 Kernel/(8619:8788): [7] Se envía interrupcion por quantum tras 150 ms a [Servidor] CPU (Interrupt) [PID: 0 - TID: 1]
[0m[36m[TRACE] 17:41:04:512 Kernel/(8619:8619): [8] Se recibe desalojo de hilo de [Servidor] CPU (Dispatch) [PID: 0 - TID: 1 - Motivo: SYSCALL_EVICTION_REASON]
[0m[INFO] 17:41:04:512 Minimal/(8619:8619): ## (0:1) - Solicitó syscall: MUTEX_UNLOCK
[0m[36m[TRACE] 17:41:04:513 Kernel/(8619:8619): MUTEX_UNLOCK MUTEX
[0m[36m[TRACE] 17:41:04:513 Kernel/(8619:8619): [8] Se envía dispatch de hilo a [Servidor] CPU (Dispatch) [PID: 0 - TID: 1]
[0m[36m[TRACE] 17:41:04:637 Kernel/(8619:8788): [7] Se envía interrupcion por quantum tras 150 ms a [Servidor] CPU (Interrupt) [PID: 0 - TID: 1]
[0m[36m[TRACE] 17:41:05:776 Kernel/(8619:8619): [8] Se recibe desalojo de hilo de [Servidor] CPU (Dispatch) [PID: 0 - TID: 1 - Motivo: SYSCALL_EVICTION_REASON]
[0m[INFO] 17:41:05:776 Minimal/(8619:8619): ## (0:1) - Solicitó syscall: MUTEX_LOCK
[0m[36m[TRACE] 17:41:05:776 Kernel/(8619:8619): MUTEX_LOCK MUTEX
[0m[36m[TRACE] 17:41:05:776 Kernel/(8619:8619): (0:1): Estado Anterior: EXEC - Estado Actual: EXEC
[0m[36m[TRACE] 17:41:05:776 Kernel/(8619:8619): [8] Se envía dispatch de hilo a [Servidor] CPU (Dispatch) [PID: 0 - TID: 1]
[0m[36m[TRACE] 17:41:05:901 Kernel/(8619:8788): [7] Se envía interrupcion por quantum tras 150 ms a [Servidor] CPU (Interrupt) [PID: 0 - TID: 1]
[0m[36m[TRACE] 17:41:07:450 Kernel/(8619:8619): [8] Se recibe desalojo de hilo de [Servidor] CPU (Dispatch) [PID: 0 - TID: 1 - Motivo: SYSCALL_EVICTION_REASON]
[0m[INFO] 17:41:07:450 Minimal/(8619:8619): ## (0:1) - Solicitó syscall: MUTEX_UNLOCK
[0m[36m[TRACE] 17:41:07:450 Kernel/(8619:8619): MUTEX_UNLOCK MUTEX
[0m[36m[TRACE] 17:41:07:450 Kernel/(8619:8619): [8] Se envía dispatch de hilo a [Servidor] CPU (Dispatch) [PID: 0 - TID: 1]
[0m[36m[TRACE] 17:41:07:576 Kernel/(8619:8788): [7] Se envía interrupcion por quantum tras 150 ms a [Servidor] CPU (Interrupt) [PID: 0 - TID: 1]
[0m[36m[TRACE] 17:41:08:509 Kernel/(8619:8619): [8] Se recibe desalojo de hilo de [Servidor] CPU (Dispatch) [PID: 0 - TID: 1 - Motivo: EXIT_EVICTION_REASON]
[0m[INFO] 17:41:08:509 Minimal/(8619:8619): ## (0:1) - Solicitó syscall: THREAD_EXIT
[0m[36m[TRACE] 17:41:08:509 Kernel/(8619:8619): THREAD_EXIT
[0m[36m[TRACE] 17:41:08:509 Kernel/(8619:8619): (0:1): Estado Anterior: EXEC - Estado Actual: EXIT
[0m[36m[TRACE] 17:41:08:509 Kernel/(8619:8619): (0:2): Estado Anterior: READY - Estado Actual: EXEC
[0m[36m[TRACE] 17:41:08:509 Kernel/(8619:8619): [8] Se envía dispatch de hilo a [Servidor] CPU (Dispatch) [PID: 0 - TID: 2]
[0m[36m[TRACE] 17:41:08:509 Kernel/(8619:8787): Finaliza el hilo 0:1 - Motivo: THREAD_EXIT
[0m[36m[TRACE] 17:41:08:509 Kernel/(8619:8787): Conexión con [Servidor] Memoria iniciada
[0m[36m[TRACE] 17:41:08:509 Socket/(8619:8787): Intentando conectar con [Servidor] Memoria en IP: 192.168.1.134 - Puerto: 8002...
[0m[36m[TRACE] 17:41:08:510 Socket/(8619:8787): [9] Conectado con [Servidor] Memoria
[0m[32m[DEBUG] 17:41:08:514 Socket/(8619:8787): [9] OK Handshake con [Servidor] Memoria
[0m[36m[TRACE] 17:41:08:514 Kernel/(8619:8787): [9] Conexión con [Servidor] Memoria exitosa
[0m[36m[TRACE] 17:41:08:514 Kernel/(8619:8787): [9] Se envía solicitud de finalización de hilo a [Servidor] Memoria [PID: 0 - TID: 1]
[0m[36m[TRACE] 17:41:08:516 Kernel/(8619:8787): [9] Se recibe resultado de finalización de hilo de [Servidor] Memoria [PID: 0 - TID 1 - Resultado: 0]
[0m[INFO] 17:41:08:516 Minimal/(8619:8787): ## (0:1) Finaliza el hilo
[0m[36m[TRACE] 17:41:08:516 Kernel/(8619:8787): (0:0): Estado Anterior: BLOCKED_JOIN - Estado Actual: READY
[0m[36m[TRACE] 17:41:08:634 Kernel/(8619:8788): [7] Se envía interrupcion por quantum tras 150 ms a [Servidor] CPU (Interrupt) [PID: 0 - TID: 2]
[0m[36m[TRACE] 17:41:10:179 Kernel/(8619:8619): [8] Se recibe desalojo de hilo de [Servidor] CPU (Dispatch) [PID: 0 - TID: 2 - Motivo: SYSCALL_EVICTION_REASON]
[0m[INFO] 17:41:10:179 Minimal/(8619:8619): ## (0:2) - Solicitó syscall: MUTEX_LOCK
[0m[36m[TRACE] 17:41:10:179 Kernel/(8619:8619): MUTEX_LOCK MUTEX
[0m[36m[TRACE] 17:41:10:179 Kernel/(8619:8619): (0:2): Estado Anterior: EXEC - Estado Actual: EXEC
[0m[36m[TRACE] 17:41:10:180 Kernel/(8619:8619): [8] Se envía dispatch de hilo a [Servidor] CPU (Dispatch) [PID: 0 - TID: 2]
[0m[36m[TRACE] 17:41:10:304 Kernel/(8619:8788): [7] Se envía interrupcion por quantum tras 150 ms a [Servidor] CPU (Interrupt) [PID: 0 - TID: 2]
[0m[36m[TRACE] 17:41:11:858 Kernel/(8619:8619): [8] Se recibe desalojo de hilo de [Servidor] CPU (Dispatch) [PID: 0 - TID: 2 - Motivo: SYSCALL_EVICTION_REASON]
[0m[INFO] 17:41:11:858 Minimal/(8619:8619): ## (0:2) - Solicitó syscall: MUTEX_UNLOCK
[0m[36m[TRACE] 17:41:11:858 Kernel/(8619:8619): MUTEX_UNLOCK MUTEX
[0m[36m[TRACE] 17:41:11:858 Kernel/(8619:8619): [8] Se envía dispatch de hilo a [Servidor] CPU (Dispatch) [PID: 0 - TID: 2]
[0m[36m[TRACE] 17:41:11:983 Kernel/(8619:8788): [7] Se envía interrupcion por quantum tras 150 ms a [Servidor] CPU (Interrupt) [PID: 0 - TID: 2]
[0m[36m[TRACE] 17:41:13:123 Kernel/(8619:8619): [8] Se recibe desalojo de hilo de [Servidor] CPU (Dispatch) [PID: 0 - TID: 2 - Motivo: SYSCALL_EVICTION_REASON]
[0m[INFO] 17:41:13:123 Minimal/(8619:8619): ## (0:2) - Solicitó syscall: MUTEX_LOCK
[0m[36m[TRACE] 17:41:13:124 Kernel/(8619:8619): MUTEX_LOCK MUTEX
[0m[36m[TRACE] 17:41:13:124 Kernel/(8619:8619): (0:2): Estado Anterior: EXEC - Estado Actual: EXEC
[0m[36m[TRACE] 17:41:13:124 Kernel/(8619:8619): [8] Se envía dispatch de hilo a [Servidor] CPU (Dispatch) [PID: 0 - TID: 2]
[0m[36m[TRACE] 17:41:13:249 Kernel/(8619:8788): [7] Se envía interrupcion por quantum tras 150 ms a [Servidor] CPU (Interrupt) [PID: 0 - TID: 2]
[0m[36m[TRACE] 17:41:14:791 Kernel/(8619:8619): [8] Se recibe desalojo de hilo de [Servidor] CPU (Dispatch) [PID: 0 - TID: 2 - Motivo: SYSCALL_EVICTION_REASON]
[0m[INFO] 17:41:14:791 Minimal/(8619:8619): ## (0:2) - Solicitó syscall: MUTEX_UNLOCK
[0m[36m[TRACE] 17:41:14:791 Kernel/(8619:8619): MUTEX_UNLOCK MUTEX
[0m[36m[TRACE] 17:41:14:791 Kernel/(8619:8619): [8] Se envía dispatch de hilo a [Servidor] CPU (Dispatch) [PID: 0 - TID: 2]
[0m[36m[TRACE] 17:41:14:916 Kernel/(8619:8788): [7] Se envía interrupcion por quantum tras 150 ms a [Servidor] CPU (Interrupt) [PID: 0 - TID: 2]
[0m[36m[TRACE] 17:41:16:063 Kernel/(8619:8619): [8] Se recibe desalojo de hilo de [Servidor] CPU (Dispatch) [PID: 0 - TID: 2 - Motivo: SYSCALL_EVICTION_REASON]
[0m[INFO] 17:41:16:063 Minimal/(8619:8619): ## (0:2) - Solicitó syscall: MUTEX_LOCK
[0m[36m[TRACE] 17:41:16:063 Kernel/(8619:8619): MUTEX_LOCK MUTEX
[0m[36m[TRACE] 17:41:16:063 Kernel/(8619:8619): (0:2): Estado Anterior: EXEC - Estado Actual: EXEC
[0m[36m[TRACE] 17:41:16:064 Kernel/(8619:8619): [8] Se envía dispatch de hilo a [Servidor] CPU (Dispatch) [PID: 0 - TID: 2]
[0m[36m[TRACE] 17:41:16:188 Kernel/(8619:8788): [7] Se envía interrupcion por quantum tras 150 ms a [Servidor] CPU (Interrupt) [PID: 0 - TID: 2]
[0m[36m[TRACE] 17:41:17:742 Kernel/(8619:8619): [8] Se recibe desalojo de hilo de [Servidor] CPU (Dispatch) [PID: 0 - TID: 2 - Motivo: SYSCALL_EVICTION_REASON]
[0m[INFO] 17:41:17:742 Minimal/(8619:8619): ## (0:2) - Solicitó syscall: MUTEX_UNLOCK
[0m[36m[TRACE] 17:41:17:742 Kernel/(8619:8619): MUTEX_UNLOCK MUTEX
[0m[36m[TRACE] 17:41:17:742 Kernel/(8619:8619): [8] Se envía dispatch de hilo a [Servidor] CPU (Dispatch) [PID: 0 - TID: 2]
[0m[36m[TRACE] 17:41:17:867 Kernel/(8619:8788): [7] Se envía interrupcion por quantum tras 150 ms a [Servidor] CPU (Interrupt) [PID: 0 - TID: 2]
[0m[36m[TRACE] 17:41:19:012 Kernel/(8619:8619): [8] Se recibe desalojo de hilo de [Servidor] CPU (Dispatch) [PID: 0 - TID: 2 - Motivo: SYSCALL_EVICTION_REASON]
[0m[INFO] 17:41:19:012 Minimal/(8619:8619): ## (0:2) - Solicitó syscall: MUTEX_LOCK
[0m[36m[TRACE] 17:41:19:012 Kernel/(8619:8619): MUTEX_LOCK MUTEX
[0m[36m[TRACE] 17:41:19:012 Kernel/(8619:8619): (0:2): Estado Anterior: EXEC - Estado Actual: EXEC
[0m[36m[TRACE] 17:41:19:012 Kernel/(8619:8619): [8] Se envía dispatch de hilo a [Servidor] CPU (Dispatch) [PID: 0 - TID: 2]
[0m[36m[TRACE] 17:41:19:137 Kernel/(8619:8788): [7] Se envía interrupcion por quantum tras 150 ms a [Servidor] CPU (Interrupt) [PID: 0 - TID: 2]
[0m[36m[TRACE] 17:41:20:687 Kernel/(8619:8619): [8] Se recibe desalojo de hilo de [Servidor] CPU (Dispatch) [PID: 0 - TID: 2 - Motivo: SYSCALL_EVICTION_REASON]
[0m[INFO] 17:41:20:687 Minimal/(8619:8619): ## (0:2) - Solicitó syscall: MUTEX_UNLOCK
[0m[36m[TRACE] 17:41:20:687 Kernel/(8619:8619): MUTEX_UNLOCK MUTEX
[0m[36m[TRACE] 17:41:20:687 Kernel/(8619:8619): [8] Se envía dispatch de hilo a [Servidor] CPU (Dispatch) [PID: 0 - TID: 2]
[0m[36m[TRACE] 17:41:20:812 Kernel/(8619:8788): [7] Se envía interrupcion por quantum tras 150 ms a [Servidor] CPU (Interrupt) [PID: 0 - TID: 2]
[0m[36m[TRACE] 17:41:21:966 Kernel/(8619:8619): [8] Se recibe desalojo de hilo de [Servidor] CPU (Dispatch) [PID: 0 - TID: 2 - Motivo: SYSCALL_EVICTION_REASON]
[0m[INFO] 17:41:21:966 Minimal/(8619:8619): ## (0:2) - Solicitó syscall: MUTEX_LOCK
[0m[36m[TRACE] 17:41:21:966 Kernel/(8619:8619): MUTEX_LOCK MUTEX
[0m[36m[TRACE] 17:41:21:966 Kernel/(8619:8619): (0:2): Estado Anterior: EXEC - Estado Actual: EXEC
[0m[36m[TRACE] 17:41:21:966 Kernel/(8619:8619): [8] Se envía dispatch de hilo a [Servidor] CPU (Dispatch) [PID: 0 - TID: 2]
[0m[36m[TRACE] 17:41:22:091 Kernel/(8619:8788): [7] Se envía interrupcion por quantum tras 150 ms a [Servidor] CPU (Interrupt) [PID: 0 - TID: 2]
[0m[36m[TRACE] 17:41:23:635 Kernel/(8619:8619): [8] Se recibe desalojo de hilo de [Servidor] CPU (Dispatch) [PID: 0 - TID: 2 - Motivo: SYSCALL_EVICTION_REASON]
[0m[INFO] 17:41:23:635 Minimal/(8619:8619): ## (0:2) - Solicitó syscall: MUTEX_UNLOCK
[0m[36m[TRACE] 17:41:23:636 Kernel/(8619:8619): MUTEX_UNLOCK MUTEX
[0m[36m[TRACE] 17:41:23:636 Kernel/(8619:8619): [8] Se envía dispatch de hilo a [Servidor] CPU (Dispatch) [PID: 0 - TID: 2]
[0m[36m[TRACE] 17:41:23:760 Kernel/(8619:8788): [7] Se envía interrupcion por quantum tras 150 ms a [Servidor] CPU (Interrupt) [PID: 0 - TID: 2]
[0m[36m[TRACE] 17:41:24:897 Kernel/(8619:8619): [8] Se recibe desalojo de hilo de [Servidor] CPU (Dispatch) [PID: 0 - TID: 2 - Motivo: SYSCALL_EVICTION_REASON]
[0m[INFO] 17:41:24:898 Minimal/(8619:8619): ## (0:2) - Solicitó syscall: MUTEX_LOCK
[0m[36m[TRACE] 17:41:24:898 Kernel/(8619:8619): MUTEX_LOCK MUTEX
[0m[36m[TRACE] 17:41:24:898 Kernel/(8619:8619): (0:2): Estado Anterior: EXEC - Estado Actual: EXEC
[0m[36m[TRACE] 17:41:24:898 Kernel/(8619:8619): [8] Se envía dispatch de hilo a [Servidor] CPU (Dispatch) [PID: 0 - TID: 2]
[0m[36m[TRACE] 17:41:25:023 Kernel/(8619:8788): [7] Se envía interrupcion por quantum tras 150 ms a [Servidor] CPU (Interrupt) [PID: 0 - TID: 2]
[0m[36m[TRACE] 17:41:26:587 Kernel/(8619:8619): [8] Se recibe desalojo de hilo de [Servidor] CPU (Dispatch) [PID: 0 - TID: 2 - Motivo: SYSCALL_EVICTION_REASON]
[0m[INFO] 17:41:26:587 Minimal/(8619:8619): ## (0:2) - Solicitó syscall: MUTEX_UNLOCK
[0m[36m[TRACE] 17:41:26:587 Kernel/(8619:8619): MUTEX_UNLOCK MUTEX
[0m[36m[TRACE] 17:41:26:587 Kernel/(8619:8619): [8] Se envía dispatch de hilo a [Servidor] CPU (Dispatch) [PID: 0 - TID: 2]
[0m[36m[TRACE] 17:41:26:712 Kernel/(8619:8788): [7] Se envía interrupcion por quantum tras 150 ms a [Servidor] CPU (Interrupt) [PID: 0 - TID: 2]
[0m[36m[TRACE] 17:41:27:856 Kernel/(8619:8619): [8] Se recibe desalojo de hilo de [Servidor] CPU (Dispatch) [PID: 0 - TID: 2 - Motivo: SYSCALL_EVICTION_REASON]
[0m[INFO] 17:41:27:857 Minimal/(8619:8619): ## (0:2) - Solicitó syscall: MUTEX_LOCK
[0m[36m[TRACE] 17:41:27:857 Kernel/(8619:8619): MUTEX_LOCK MUTEX
[0m[36m[TRACE] 17:41:27:857 Kernel/(8619:8619): (0:2): Estado Anterior: EXEC - Estado Actual: EXEC
[0m[36m[TRACE] 17:41:27:857 Kernel/(8619:8619): [8] Se envía dispatch de hilo a [Servidor] CPU (Dispatch) [PID: 0 - TID: 2]
[0m[36m[TRACE] 17:41:27:981 Kernel/(8619:8788): [7] Se envía interrupcion por quantum tras 150 ms a [Servidor] CPU (Interrupt) [PID: 0 - TID: 2]
[0m[36m[TRACE] 17:41:29:527 Kernel/(8619:8619): [8] Se recibe desalojo de hilo de [Servidor] CPU (Dispatch) [PID: 0 - TID: 2 - Motivo: SYSCALL_EVICTION_REASON]
[0m[INFO] 17:41:29:527 Minimal/(8619:8619): ## (0:2) - Solicitó syscall: MUTEX_UNLOCK
[0m[36m[TRACE] 17:41:29:527 Kernel/(8619:8619): MUTEX_UNLOCK MUTEX
[0m[36m[TRACE] 17:41:29:527 Kernel/(8619:8619): [8] Se envía dispatch de hilo a [Servidor] CPU (Dispatch) [PID: 0 - TID: 2]
[0m[36m[TRACE] 17:41:29:652 Kernel/(8619:8788): [7] Se envía interrupcion por quantum tras 150 ms a [Servidor] CPU (Interrupt) [PID: 0 - TID: 2]
[0m[36m[TRACE] 17:41:30:789 Kernel/(8619:8619): [8] Se recibe desalojo de hilo de [Servidor] CPU (Dispatch) [PID: 0 - TID: 2 - Motivo: SYSCALL_EVICTION_REASON]
[0m[INFO] 17:41:30:789 Minimal/(8619:8619): ## (0:2) - Solicitó syscall: MUTEX_LOCK
[0m[36m[TRACE] 17:41:30:789 Kernel/(8619:8619): MUTEX_LOCK MUTEX
[0m[36m[TRACE] 17:41:30:789 Kernel/(8619:8619): (0:2): Estado Anterior: EXEC - Estado Actual: EXEC
[0m[36m[TRACE] 17:41:30:789 Kernel/(8619:8619): [8] Se envía dispatch de hilo a [Servidor] CPU (Dispatch) [PID: 0 - TID: 2]
[0m[36m[TRACE] 17:41:30:914 Kernel/(8619:8788): [7] Se envía interrupcion por quantum tras 150 ms a [Servidor] CPU (Interrupt) [PID: 0 - TID: 2]
[0m[36m[TRACE] 17:41:32:470 Kernel/(8619:8619): [8] Se recibe desalojo de hilo de [Servidor] CPU (Dispatch) [PID: 0 - TID: 2 - Motivo: SYSCALL_EVICTION_REASON]
[0m[INFO] 17:41:32:470 Minimal/(8619:8619): ## (0:2) - Solicitó syscall: MUTEX_UNLOCK
[0m[36m[TRACE] 17:41:32:470 Kernel/(8619:8619): MUTEX_UNLOCK MUTEX
[0m[36m[TRACE] 17:41:32:470 Kernel/(8619:8619): [8] Se envía dispatch de hilo a [Servidor] CPU (Dispatch) [PID: 0 - TID: 2]
[0m[36m[TRACE] 17:41:32:595 Kernel/(8619:8788): [7] Se envía interrupcion por quantum tras 150 ms a [Servidor] CPU (Interrupt) [PID: 0 - TID: 2]
[0m[36m[TRACE] 17:41:33:736 Kernel/(8619:8619): [8] Se recibe desalojo de hilo de [Servidor] CPU (Dispatch) [PID: 0 - TID: 2 - Motivo: SYSCALL_EVICTION_REASON]
[0m[INFO] 17:41:33:736 Minimal/(8619:8619): ## (0:2) - Solicitó syscall: MUTEX_LOCK
[0m[36m[TRACE] 17:41:33:736 Kernel/(8619:8619): MUTEX_LOCK MUTEX
[0m[36m[TRACE] 17:41:33:736 Kernel/(8619:8619): (0:2): Estado Anterior: EXEC - Estado Actual: EXEC
[0m[36m[TRACE] 17:41:33:736 Kernel/(8619:8619): [8] Se envía dispatch de hilo a [Servidor] CPU (Dispatch) [PID: 0 - TID: 2]
[0m[36m[TRACE] 17:41:33:861 Kernel/(8619:8788): [7] Se envía interrupcion por quantum tras 150 ms a [Servidor] CPU (Interrupt) [PID: 0 - TID: 2]
[0m[36m[TRACE] 17:41:35:404 Kernel/(8619:8619): [8] Se recibe desalojo de hilo de [Servidor] CPU (Dispatch) [PID: 0 - TID: 2 - Motivo: SYSCALL_EVICTION_REASON]
[0m[INFO] 17:41:35:404 Minimal/(8619:8619): ## (0:2) - Solicitó syscall: MUTEX_UNLOCK
[0m[36m[TRACE] 17:41:35:404 Kernel/(8619:8619): MUTEX_UNLOCK MUTEX
[0m[36m[TRACE] 17:41:35:404 Kernel/(8619:8619): [8] Se envía dispatch de hilo a [Servidor] CPU (Dispatch) [PID: 0 - TID: 2]
[0m[36m[TRACE] 17:41:35:529 Kernel/(8619:8788): [7] Se envía interrupcion por quantum tras 150 ms a [Servidor] CPU (Interrupt) [PID: 0 - TID: 2]
[0m[36m[TRACE] 17:41:36:671 Kernel/(8619:8619): [8] Se recibe desalojo de hilo de [Servidor] CPU (Dispatch) [PID: 0 - TID: 2 - Motivo: SYSCALL_EVICTION_REASON]
[0m[INFO] 17:41:36:671 Minimal/(8619:8619): ## (0:2) - Solicitó syscall: MUTEX_LOCK
[0m[36m[TRACE] 17:41:36:671 Kernel/(8619:8619): MUTEX_LOCK MUTEX
[0m[36m[TRACE] 17:41:36:671 Kernel/(8619:8619): (0:2): Estado Anterior: EXEC - Estado Actual: EXEC
[0m[36m[TRACE] 17:41:36:671 Kernel/(8619:8619): [8] Se envía dispatch de hilo a [Servidor] CPU (Dispatch) [PID: 0 - TID: 2]
[0m[36m[TRACE] 17:41:36:796 Kernel/(8619:8788): [7] Se envía interrupcion por quantum tras 150 ms a [Servidor] CPU (Interrupt) [PID: 0 - TID: 2]
[0m[36m[TRACE] 17:41:38:355 Kernel/(8619:8619): [8] Se recibe desalojo de hilo de [Servidor] CPU (Dispatch) [PID: 0 - TID: 2 - Motivo: SYSCALL_EVICTION_REASON]
[0m[INFO] 17:41:38:355 Minimal/(8619:8619): ## (0:2) - Solicitó syscall: MUTEX_UNLOCK
[0m[36m[TRACE] 17:41:38:355 Kernel/(8619:8619): MUTEX_UNLOCK MUTEX
[0m[36m[TRACE] 17:41:38:356 Kernel/(8619:8619): [8] Se envía dispatch de hilo a [Servidor] CPU (Dispatch) [PID: 0 - TID: 2]
[0m[36m[TRACE] 17:41:38:480 Kernel/(8619:8788): [7] Se envía interrupcion por quantum tras 150 ms a [Servidor] CPU (Interrupt) [PID: 0 - TID: 2]
[0m[36m[TRACE] 17:41:39:423 Kernel/(8619:8619): [8] Se recibe desalojo de hilo de [Servidor] CPU (Dispatch) [PID: 0 - TID: 2 - Motivo: EXIT_EVICTION_REASON]
[0m[INFO] 17:41:39:423 Minimal/(8619:8619): ## (0:2) - Solicitó syscall: THREAD_EXIT
[0m[36m[TRACE] 17:41:39:423 Kernel/(8619:8619): THREAD_EXIT
[0m[36m[TRACE] 17:41:39:423 Kernel/(8619:8619): (0:2): Estado Anterior: EXEC - Estado Actual: EXIT
[0m[36m[TRACE] 17:41:39:423 Kernel/(8619:8619): (0:0): Estado Anterior: READY - Estado Actual: EXEC
[0m[36m[TRACE] 17:41:39:424 Kernel/(8619:8619): [8] Se envía dispatch de hilo a [Servidor] CPU (Dispatch) [PID: 0 - TID: 0]
[0m[36m[TRACE] 17:41:39:424 Kernel/(8619:8787): Finaliza el hilo 0:2 - Motivo: THREAD_EXIT
[0m[36m[TRACE] 17:41:39:424 Kernel/(8619:8787): Conexión con [Servidor] Memoria iniciada
[0m[36m[TRACE] 17:41:39:424 Socket/(8619:8787): Intentando conectar con [Servidor] Memoria en IP: 192.168.1.134 - Puerto: 8002...
[0m[36m[TRACE] 17:41:39:425 Socket/(8619:8787): [9] Conectado con [Servidor] Memoria
[0m[32m[DEBUG] 17:41:39:428 Socket/(8619:8787): [9] OK Handshake con [Servidor] Memoria
[0m[36m[TRACE] 17:41:39:428 Kernel/(8619:8787): [9] Conexión con [Servidor] Memoria exitosa
[0m[36m[TRACE] 17:41:39:428 Kernel/(8619:8787): [9] Se envía solicitud de finalización de hilo a [Servidor] Memoria [PID: 0 - TID: 2]
[0m[36m[TRACE] 17:41:39:430 Kernel/(8619:8787): [9] Se recibe resultado de finalización de hilo de [Servidor] Memoria [PID: 0 - TID 2 - Resultado: 0]
[0m[INFO] 17:41:39:431 Minimal/(8619:8787): ## (0:2) Finaliza el hilo
[0m[36m[TRACE] 17:41:39:549 Kernel/(8619:8788): [7] Se envía interrupcion por quantum tras 150 ms a [Servidor] CPU (Interrupt) [PID: 0 - TID: 0]
[0m[36m[TRACE] 17:41:40:080 Kernel/(8619:8619): [8] Se recibe desalojo de hilo de [Servidor] CPU (Dispatch) [PID: 0 - TID: 0 - Motivo: SYSCALL_EVICTION_REASON]
[0m[INFO] 17:41:40:081 Minimal/(8619:8619): ## (0:0) - Solicitó syscall: THREAD_JOIN
[0m[36m[TRACE] 17:41:40:081 Kernel/(8619:8619): THREAD_JOIN 2
[0m[33m[WARNING] 17:41:40:081 Kernel/(8619:8619): No existe un hilo con TID <2>
[0m[36m[TRACE] 17:41:40:081 Kernel/(8619:8619): [8] Se envía dispatch de hilo a [Servidor] CPU (Dispatch) [PID: 0 - TID: 0]
[0m[36m[TRACE] 17:41:40:206 Kernel/(8619:8788): [7] Se envía interrupcion por quantum tras 150 ms a [Servidor] CPU (Interrupt) [PID: 0 - TID: 0]
[0m[36m[TRACE] 17:41:40:736 Kernel/(8619:8619): [8] Se recibe desalojo de hilo de [Servidor] CPU (Dispatch) [PID: 0 - TID: 0 - Motivo: SYSCALL_EVICTION_REASON]
[0m[INFO] 17:41:40:736 Minimal/(8619:8619): ## (0:0) - Solicitó syscall: THREAD_JOIN
[0m[36m[TRACE] 17:41:40:736 Kernel/(8619:8619): THREAD_JOIN 3
[0m[36m[TRACE] 17:41:40:736 Kernel/(8619:8619): (0:0): Estado Anterior: EXEC - Estado Actual: BLOCKED_JOIN
[0m[INFO] 17:41:40:736 Minimal/(8619:8619): ## (0:0) - Bloqueado por: THREAD_JOIN
[0m[36m[TRACE] 17:41:40:736 Kernel/(8619:8619): (0:3): Estado Anterior: READY - Estado Actual: EXEC
[0m[36m[TRACE] 17:41:40:736 Kernel/(8619:8619): [8] Se envía dispatch de hilo a [Servidor] CPU (Dispatch) [PID: 0 - TID: 3]
[0m[36m[TRACE] 17:41:40:861 Kernel/(8619:8788): [7] Se envía interrupcion por quantum tras 150 ms a [Servidor] CPU (Interrupt) [PID: 0 - TID: 3]
[0m[36m[TRACE] 17:41:42:416 Kernel/(8619:8619): [8] Se recibe desalojo de hilo de [Servidor] CPU (Dispatch) [PID: 0 - TID: 3 - Motivo: SYSCALL_EVICTION_REASON]
[0m[INFO] 17:41:42:416 Minimal/(8619:8619): ## (0:3) - Solicitó syscall: MUTEX_LOCK
[0m[36m[TRACE] 17:41:42:416 Kernel/(8619:8619): MUTEX_LOCK MUTEX
[0m[36m[TRACE] 17:41:42:416 Kernel/(8619:8619): (0:3): Estado Anterior: EXEC - Estado Actual: EXEC
[0m[36m[TRACE] 17:41:42:416 Kernel/(8619:8619): [8] Se envía dispatch de hilo a [Servidor] CPU (Dispatch) [PID: 0 - TID: 3]
[0m[36m[TRACE] 17:41:42:542 Kernel/(8619:8788): [7] Se envía interrupcion por quantum tras 150 ms a [Servidor] CPU (Interrupt) [PID: 0 - TID: 3]
[0m[36m[TRACE] 17:41:44:091 Kernel/(8619:8619): [8] Se recibe desalojo de hilo de [Servidor] CPU (Dispatch) [PID: 0 - TID: 3 - Motivo: SYSCALL_EVICTION_REASON]
[0m[INFO] 17:41:44:091 Minimal/(8619:8619): ## (0:3) - Solicitó syscall: MUTEX_UNLOCK
[0m[36m[TRACE] 17:41:44:091 Kernel/(8619:8619): MUTEX_UNLOCK MUTEX
[0m[36m[TRACE] 17:41:44:092 Kernel/(8619:8619): [8] Se envía dispatch de hilo a [Servidor] CPU (Dispatch) [PID: 0 - TID: 3]
[0m[36m[TRACE] 17:41:44:217 Kernel/(8619:8788): [7] Se envía interrupcion por quantum tras 150 ms a [Servidor] CPU (Interrupt) [PID: 0 - TID: 3]
[0m[36m[TRACE] 17:41:45:352 Kernel/(8619:8619): [8] Se recibe desalojo de hilo de [Servidor] CPU (Dispatch) [PID: 0 - TID: 3 - Motivo: SYSCALL_EVICTION_REASON]
[0m[INFO] 17:41:45:352 Minimal/(8619:8619): ## (0:3) - Solicitó syscall: MUTEX_LOCK
[0m[36m[TRACE] 17:41:45:352 Kernel/(8619:8619): MUTEX_LOCK MUTEX
[0m[36m[TRACE] 17:41:45:352 Kernel/(8619:8619): (0:3): Estado Anterior: EXEC - Estado Actual: EXEC
[0m[36m[TRACE] 17:41:45:352 Kernel/(8619:8619): [8] Se envía dispatch de hilo a [Servidor] CPU (Dispatch) [PID: 0 - TID: 3]
[0m[36m[TRACE] 17:41:45:477 Kernel/(8619:8788): [7] Se envía interrupcion por quantum tras 150 ms a [Servidor] CPU (Interrupt) [PID: 0 - TID: 3]
[0m[36m[TRACE] 17:41:47:029 Kernel/(8619:8619): [8] Se recibe desalojo de hilo de [Servidor] CPU (Dispatch) [PID: 0 - TID: 3 - Motivo: SYSCALL_EVICTION_REASON]
[0m[INFO] 17:41:47:029 Minimal/(8619:8619): ## (0:3) - Solicitó syscall: MUTEX_UNLOCK
[0m[36m[TRACE] 17:41:47:029 Kernel/(8619:8619): MUTEX_UNLOCK MUTEX
[0m[36m[TRACE] 17:41:47:029 Kernel/(8619:8619): [8] Se envía dispatch de hilo a [Servidor] CPU (Dispatch) [PID: 0 - TID: 3]
[0m[36m[TRACE] 17:41:47:154 Kernel/(8619:8788): [7] Se envía interrupcion por quantum tras 150 ms a [Servidor] CPU (Interrupt) [PID: 0 - TID: 3]
[0m[36m[TRACE] 17:41:48:292 Kernel/(8619:8619): [8] Se recibe desalojo de hilo de [Servidor] CPU (Dispatch) [PID: 0 - TID: 3 - Motivo: SYSCALL_EVICTION_REASON]
[0m[INFO] 17:41:48:292 Minimal/(8619:8619): ## (0:3) - Solicitó syscall: MUTEX_LOCK
[0m[36m[TRACE] 17:41:48:292 Kernel/(8619:8619): MUTEX_LOCK MUTEX
[0m[36m[TRACE] 17:41:48:292 Kernel/(8619:8619): (0:3): Estado Anterior: EXEC - Estado Actual: EXEC
[0m[36m[TRACE] 17:41:48:293 Kernel/(8619:8619): [8] Se envía dispatch de hilo a [Servidor] CPU (Dispatch) [PID: 0 - TID: 3]
[0m[36m[TRACE] 17:41:48:418 Kernel/(8619:8788): [7] Se envía interrupcion por quantum tras 150 ms a [Servidor] CPU (Interrupt) [PID: 0 - TID: 3]
[0m[36m[TRACE] 17:41:49:964 Kernel/(8619:8619): [8] Se recibe desalojo de hilo de [Servidor] CPU (Dispatch) [PID: 0 - TID: 3 - Motivo: SYSCALL_EVICTION_REASON]
[0m[INFO] 17:41:49:964 Minimal/(8619:8619): ## (0:3) - Solicitó syscall: MUTEX_UNLOCK
[0m[36m[TRACE] 17:41:49:964 Kernel/(8619:8619): MUTEX_UNLOCK MUTEX
[0m[36m[TRACE] 17:41:49:964 Kernel/(8619:8619): [8] Se envía dispatch de hilo a [Servidor] CPU (Dispatch) [PID: 0 - TID: 3]
[0m[36m[TRACE] 17:41:50:088 Kernel/(8619:8788): [7] Se envía interrupcion por quantum tras 150 ms a [Servidor] CPU (Interrupt) [PID: 0 - TID: 3]
[0m[36m[TRACE] 17:41:51:228 Kernel/(8619:8619): [8] Se recibe desalojo de hilo de [Servidor] CPU (Dispatch) [PID: 0 - TID: 3 - Motivo: SYSCALL_EVICTION_REASON]
[0m[INFO] 17:41:51:228 Minimal/(8619:8619): ## (0:3) - Solicitó syscall: MUTEX_LOCK
[0m[36m[TRACE] 17:41:51:228 Kernel/(8619:8619): MUTEX_LOCK MUTEX
[0m[36m[TRACE] 17:41:51:228 Kernel/(8619:8619): (0:3): Estado Anterior: EXEC - Estado Actual: EXEC
[0m[36m[TRACE] 17:41:51:228 Kernel/(8619:8619): [8] Se envía dispatch de hilo a [Servidor] CPU (Dispatch) [PID: 0 - TID: 3]
[0m[36m[TRACE] 17:41:51:353 Kernel/(8619:8788): [7] Se envía interrupcion por quantum tras 150 ms a [Servidor] CPU (Interrupt) [PID: 0 - TID: 3]
[0m[36m[TRACE] 17:41:52:899 Kernel/(8619:8619): [8] Se recibe desalojo de hilo de [Servidor] CPU (Dispatch) [PID: 0 - TID: 3 - Motivo: SYSCALL_EVICTION_REASON]
[0m[INFO] 17:41:52:899 Minimal/(8619:8619): ## (0:3) - Solicitó syscall: MUTEX_UNLOCK
[0m[36m[TRACE] 17:41:52:900 Kernel/(8619:8619): MUTEX_UNLOCK MUTEX
[0m[36m[TRACE] 17:41:52:900 Kernel/(8619:8619): [8] Se envía dispatch de hilo a [Servidor] CPU (Dispatch) [PID: 0 - TID: 3]
[0m[36m[TRACE] 17:41:53:025 Kernel/(8619:8788): [7] Se envía interrupcion por quantum tras 150 ms a [Servidor] CPU (Interrupt) [PID: 0 - TID: 3]
[0m[36m[TRACE] 17:41:54:165 Kernel/(8619:8619): [8] Se recibe desalojo de hilo de [Servidor] CPU (Dispatch) [PID: 0 - TID: 3 - Motivo: SYSCALL_EVICTION_REASON]
[0m[INFO] 17:41:54:165 Minimal/(8619:8619): ## (0:3) - Solicitó syscall: MUTEX_LOCK
[0m[36m[TRACE] 17:41:54:165 Kernel/(8619:8619): MUTEX_LOCK MUTEX
[0m[36m[TRACE] 17:41:54:165 Kernel/(8619:8619): (0:3): Estado Anterior: EXEC - Estado Actual: EXEC
[0m[36m[TRACE] 17:41:54:165 Kernel/(8619:8619): [8] Se envía dispatch de hilo a [Servidor] CPU (Dispatch) [PID: 0 - TID: 3]
[0m[36m[TRACE] 17:41:54:290 Kernel/(8619:8788): [7] Se envía interrupcion por quantum tras 150 ms a [Servidor] CPU (Interrupt) [PID: 0 - TID: 3]
[0m[36m[TRACE] 17:41:55:836 Kernel/(8619:8619): [8] Se recibe desalojo de hilo de [Servidor] CPU (Dispatch) [PID: 0 - TID: 3 - Motivo: SYSCALL_EVICTION_REASON]
[0m[INFO] 17:41:55:836 Minimal/(8619:8619): ## (0:3) - Solicitó syscall: MUTEX_UNLOCK
[0m[36m[TRACE] 17:41:55:836 Kernel/(8619:8619): MUTEX_UNLOCK MUTEX
[0m[36m[TRACE] 17:41:55:836 Kernel/(8619:8619): [8] Se envía dispatch de hilo a [Servidor] CPU (Dispatch) [PID: 0 - TID: 3]
[0m[36m[TRACE] 17:41:55:961 Kernel/(8619:8788): [7] Se envía interrupcion por quantum tras 150 ms a [Servidor] CPU (Interrupt) [PID: 0 - TID: 3]
[0m[36m[TRACE] 17:41:57:103 Kernel/(8619:8619): [8] Se recibe desalojo de hilo de [Servidor] CPU (Dispatch) [PID: 0 - TID: 3 - Motivo: SYSCALL_EVICTION_REASON]
[0m[INFO] 17:41:57:103 Minimal/(8619:8619): ## (0:3) - Solicitó syscall: MUTEX_LOCK
[0m[36m[TRACE] 17:41:57:103 Kernel/(8619:8619): MUTEX_LOCK MUTEX
[0m[36m[TRACE] 17:41:57:103 Kernel/(8619:8619): (0:3): Estado Anterior: EXEC - Estado Actual: EXEC
[0m[36m[TRACE] 17:41:57:104 Kernel/(8619:8619): [8] Se envía dispatch de hilo a [Servidor] CPU (Dispatch) [PID: 0 - TID: 3]
[0m[36m[TRACE] 17:41:57:228 Kernel/(8619:8788): [7] Se envía interrupcion por quantum tras 150 ms a [Servidor] CPU (Interrupt) [PID: 0 - TID: 3]
[0m[36m[TRACE] 17:41:58:779 Kernel/(8619:8619): [8] Se recibe desalojo de hilo de [Servidor] CPU (Dispatch) [PID: 0 - TID: 3 - Motivo: SYSCALL_EVICTION_REASON]
[0m[INFO] 17:41:58:779 Minimal/(8619:8619): ## (0:3) - Solicitó syscall: MUTEX_UNLOCK
[0m[36m[TRACE] 17:41:58:779 Kernel/(8619:8619): MUTEX_UNLOCK MUTEX
[0m[36m[TRACE] 17:41:58:779 Kernel/(8619:8619): [8] Se envía dispatch de hilo a [Servidor] CPU (Dispatch) [PID: 0 - TID: 3]
[0m[36m[TRACE] 17:41:58:904 Kernel/(8619:8788): [7] Se envía interrupcion por quantum tras 150 ms a [Servidor] CPU (Interrupt) [PID: 0 - TID: 3]
[0m[36m[TRACE] 17:42:00:059 Kernel/(8619:8619): [8] Se recibe desalojo de hilo de [Servidor] CPU (Dispatch) [PID: 0 - TID: 3 - Motivo: SYSCALL_EVICTION_REASON]
[0m[INFO] 17:42:00:059 Minimal/(8619:8619): ## (0:3) - Solicitó syscall: MUTEX_LOCK
[0m[36m[TRACE] 17:42:00:059 Kernel/(8619:8619): MUTEX_LOCK MUTEX
[0m[36m[TRACE] 17:42:00:059 Kernel/(8619:8619): (0:3): Estado Anterior: EXEC - Estado Actual: EXEC
[0m[36m[TRACE] 17:42:00:059 Kernel/(8619:8619): [8] Se envía dispatch de hilo a [Servidor] CPU (Dispatch) [PID: 0 - TID: 3]
[0m[36m[TRACE] 17:42:00:185 Kernel/(8619:8788): [7] Se envía interrupcion por quantum tras 150 ms a [Servidor] CPU (Interrupt) [PID: 0 - TID: 3]
[0m[36m[TRACE] 17:42:01:731 Kernel/(8619:8619): [8] Se recibe desalojo de hilo de [Servidor] CPU (Dispatch) [PID: 0 - TID: 3 - Motivo: SYSCALL_EVICTION_REASON]
[0m[INFO] 17:42:01:731 Minimal/(8619:8619): ## (0:3) - Solicitó syscall: MUTEX_UNLOCK
[0m[36m[TRACE] 17:42:01:731 Kernel/(8619:8619): MUTEX_UNLOCK MUTEX
[0m[36m[TRACE] 17:42:01:731 Kernel/(8619:8619): [8] Se envía dispatch de hilo a [Servidor] CPU (Dispatch) [PID: 0 - TID: 3]
[0m[36m[TRACE] 17:42:01:856 Kernel/(8619:8788): [7] Se envía interrupcion por quantum tras 150 ms a [Servidor] CPU (Interrupt) [PID: 0 - TID: 3]
[0m[36m[TRACE] 17:42:02:993 Kernel/(8619:8619): [8] Se recibe desalojo de hilo de [Servidor] CPU (Dispatch) [PID: 0 - TID: 3 - Motivo: SYSCALL_EVICTION_REASON]
[0m[INFO] 17:42:02:993 Minimal/(8619:8619): ## (0:3) - Solicitó syscall: MUTEX_LOCK
[0m[36m[TRACE] 17:42:02:993 Kernel/(8619:8619): MUTEX_LOCK MUTEX
[0m[36m[TRACE] 17:42:02:993 Kernel/(8619:8619): (0:3): Estado Anterior: EXEC - Estado Actual: EXEC
[0m[36m[TRACE] 17:42:02:993 Kernel/(8619:8619): [8] Se envía dispatch de hilo a [Servidor] CPU (Dispatch) [PID: 0 - TID: 3]
[0m[36m[TRACE] 17:42:03:118 Kernel/(8619:8788): [7] Se envía interrupcion por quantum tras 150 ms a [Servidor] CPU (Interrupt) [PID: 0 - TID: 3]
[0m[36m[TRACE] 17:42:04:669 Kernel/(8619:8619): [8] Se recibe desalojo de hilo de [Servidor] CPU (Dispatch) [PID: 0 - TID: 3 - Motivo: SYSCALL_EVICTION_REASON]
[0m[INFO] 17:42:04:669 Minimal/(8619:8619): ## (0:3) - Solicitó syscall: MUTEX_UNLOCK
[0m[36m[TRACE] 17:42:04:669 Kernel/(8619:8619): MUTEX_UNLOCK MUTEX
[0m[36m[TRACE] 17:42:04:669 Kernel/(8619:8619): [8] Se envía dispatch de hilo a [Servidor] CPU (Dispatch) [PID: 0 - TID: 3]
[0m[36m[TRACE] 17:42:04:794 Kernel/(8619:8788): [7] Se envía interrupcion por quantum tras 150 ms a [Servidor] CPU (Interrupt) [PID: 0 - TID: 3]
[0m[36m[TRACE] 17:42:05:944 Kernel/(8619:8619): [8] Se recibe desalojo de hilo de [Servidor] CPU (Dispatch) [PID: 0 - TID: 3 - Motivo: SYSCALL_EVICTION_REASON]
[0m[INFO] 17:42:05:945 Minimal/(8619:8619): ## (0:3) - Solicitó syscall: MUTEX_LOCK
[0m[36m[TRACE] 17:42:05:945 Kernel/(8619:8619): MUTEX_LOCK MUTEX
[0m[36m[TRACE] 17:42:05:945 Kernel/(8619:8619): (0:3): Estado Anterior: EXEC - Estado Actual: EXEC
[0m[36m[TRACE] 17:42:05:945 Kernel/(8619:8619): [8] Se envía dispatch de hilo a [Servidor] CPU (Dispatch) [PID: 0 - TID: 3]
[0m[36m[TRACE] 17:42:06:070 Kernel/(8619:8788): [7] Se envía interrupcion por quantum tras 150 ms a [Servidor] CPU (Interrupt) [PID: 0 - TID: 3]
[0m[36m[TRACE] 17:42:07:619 Kernel/(8619:8619): [8] Se recibe desalojo de hilo de [Servidor] CPU (Dispatch) [PID: 0 - TID: 3 - Motivo: SYSCALL_EVICTION_REASON]
[0m[INFO] 17:42:07:619 Minimal/(8619:8619): ## (0:3) - Solicitó syscall: MUTEX_UNLOCK
[0m[36m[TRACE] 17:42:07:619 Kernel/(8619:8619): MUTEX_UNLOCK MUTEX
[0m[36m[TRACE] 17:42:07:620 Kernel/(8619:8619): [8] Se envía dispatch de hilo a [Servidor] CPU (Dispatch) [PID: 0 - TID: 3]
[0m[36m[TRACE] 17:42:07:744 Kernel/(8619:8788): [7] Se envía interrupcion por quantum tras 150 ms a [Servidor] CPU (Interrupt) [PID: 0 - TID: 3]
[0m[36m[TRACE] 17:42:08:893 Kernel/(8619:8619): [8] Se recibe desalojo de hilo de [Servidor] CPU (Dispatch) [PID: 0 - TID: 3 - Motivo: SYSCALL_EVICTION_REASON]
[0m[INFO] 17:42:08:893 Minimal/(8619:8619): ## (0:3) - Solicitó syscall: MUTEX_LOCK
[0m[36m[TRACE] 17:42:08:893 Kernel/(8619:8619): MUTEX_LOCK MUTEX
[0m[36m[TRACE] 17:42:08:893 Kernel/(8619:8619): (0:3): Estado Anterior: EXEC - Estado Actual: EXEC
[0m[36m[TRACE] 17:42:08:893 Kernel/(8619:8619): [8] Se envía dispatch de hilo a [Servidor] CPU (Dispatch) [PID: 0 - TID: 3]
[0m[36m[TRACE] 17:42:09:018 Kernel/(8619:8788): [7] Se envía interrupcion por quantum tras 150 ms a [Servidor] CPU (Interrupt) [PID: 0 - TID: 3]
[0m[36m[TRACE] 17:42:10:567 Kernel/(8619:8619): [8] Se recibe desalojo de hilo de [Servidor] CPU (Dispatch) [PID: 0 - TID: 3 - Motivo: SYSCALL_EVICTION_REASON]
[0m[INFO] 17:42:10:567 Minimal/(8619:8619): ## (0:3) - Solicitó syscall: MUTEX_UNLOCK
[0m[36m[TRACE] 17:42:10:567 Kernel/(8619:8619): MUTEX_UNLOCK MUTEX
[0m[36m[TRACE] 17:42:10:567 Kernel/(8619:8619): [8] Se envía dispatch de hilo a [Servidor] CPU (Dispatch) [PID: 0 - TID: 3]
[0m[36m[TRACE] 17:42:10:692 Kernel/(8619:8788): [7] Se envía interrupcion por quantum tras 150 ms a [Servidor] CPU (Interrupt) [PID: 0 - TID: 3]
[0m[36m[TRACE] 17:42:11:625 Kernel/(8619:8619): [8] Se recibe desalojo de hilo de [Servidor] CPU (Dispatch) [PID: 0 - TID: 3 - Motivo: EXIT_EVICTION_REASON]
[0m[INFO] 17:42:11:625 Minimal/(8619:8619): ## (0:3) - Solicitó syscall: THREAD_EXIT
[0m[36m[TRACE] 17:42:11:626 Kernel/(8619:8619): THREAD_EXIT
[0m[36m[TRACE] 17:42:11:626 Kernel/(8619:8619): (0:3): Estado Anterior: EXEC - Estado Actual: EXIT
[0m[36m[TRACE] 17:42:11:626 Kernel/(8619:8619): (0:4): Estado Anterior: READY - Estado Actual: EXEC
[0m[36m[TRACE] 17:42:11:626 Kernel/(8619:8619): [8] Se envía dispatch de hilo a [Servidor] CPU (Dispatch) [PID: 0 - TID: 4]
[0m[36m[TRACE] 17:42:11:626 Kernel/(8619:8787): Finaliza el hilo 0:3 - Motivo: THREAD_EXIT
[0m[36m[TRACE] 17:42:11:626 Kernel/(8619:8787): Conexión con [Servidor] Memoria iniciada
[0m[36m[TRACE] 17:42:11:626 Socket/(8619:8787): Intentando conectar con [Servidor] Memoria en IP: 192.168.1.134 - Puerto: 8002...
[0m[36m[TRACE] 17:42:11:627 Socket/(8619:8787): [9] Conectado con [Servidor] Memoria
[0m[32m[DEBUG] 17:42:11:632 Socket/(8619:8787): [9] OK Handshake con [Servidor] Memoria
[0m[36m[TRACE] 17:42:11:632 Kernel/(8619:8787): [9] Conexión con [Servidor] Memoria exitosa
[0m[36m[TRACE] 17:42:11:632 Kernel/(8619:8787): [9] Se envía solicitud de finalización de hilo a [Servidor] Memoria [PID: 0 - TID: 3]
[0m[36m[TRACE] 17:42:11:634 Kernel/(8619:8787): [9] Se recibe resultado de finalización de hilo de [Servidor] Memoria [PID: 0 - TID 3 - Resultado: 0]
[0m[INFO] 17:42:11:635 Minimal/(8619:8787): ## (0:3) Finaliza el hilo
[0m[36m[TRACE] 17:42:11:635 Kernel/(8619:8787): (0:0): Estado Anterior: BLOCKED_JOIN - Estado Actual: READY
[0m[36m[TRACE] 17:42:11:751 Kernel/(8619:8788): [7] Se envía interrupcion por quantum tras 150 ms a [Servidor] CPU (Interrupt) [PID: 0 - TID: 4]
[0m[36m[TRACE] 17:42:13:303 Kernel/(8619:8619): [8] Se recibe desalojo de hilo de [Servidor] CPU (Dispatch) [PID: 0 - TID: 4 - Motivo: SYSCALL_EVICTION_REASON]
[0m[INFO] 17:42:13:303 Minimal/(8619:8619): ## (0:4) - Solicitó syscall: MUTEX_LOCK
[0m[36m[TRACE] 17:42:13:304 Kernel/(8619:8619): MUTEX_LOCK MUTEX
[0m[36m[TRACE] 17:42:13:304 Kernel/(8619:8619): (0:4): Estado Anterior: EXEC - Estado Actual: EXEC
[0m[36m[TRACE] 17:42:13:304 Kernel/(8619:8619): [8] Se envía dispatch de hilo a [Servidor] CPU (Dispatch) [PID: 0 - TID: 4]
[0m[36m[TRACE] 17:42:13:429 Kernel/(8619:8788): [7] Se envía interrupcion por quantum tras 150 ms a [Servidor] CPU (Interrupt) [PID: 0 - TID: 4]
[0m[36m[TRACE] 17:42:14:991 Kernel/(8619:8619): [8] Se recibe desalojo de hilo de [Servidor] CPU (Dispatch) [PID: 0 - TID: 4 - Motivo: SYSCALL_EVICTION_REASON]
[0m[INFO] 17:42:14:991 Minimal/(8619:8619): ## (0:4) - Solicitó syscall: MUTEX_UNLOCK
[0m[36m[TRACE] 17:42:14:991 Kernel/(8619:8619): MUTEX_UNLOCK MUTEX
[0m[36m[TRACE] 17:42:14:991 Kernel/(8619:8619): [8] Se envía dispatch de hilo a [Servidor] CPU (Dispatch) [PID: 0 - TID: 4]
[0m[36m[TRACE] 17:42:15:116 Kernel/(8619:8788): [7] Se envía interrupcion por quantum tras 150 ms a [Servidor] CPU (Interrupt) [PID: 0 - TID: 4]
[0m[36m[TRACE] 17:42:16:284 Kernel/(8619:8619): [8] Se recibe desalojo de hilo de [Servidor] CPU (Dispatch) [PID: 0 - TID: 4 - Motivo: SYSCALL_EVICTION_REASON]
[0m[INFO] 17:42:16:284 Minimal/(8619:8619): ## (0:4) - Solicitó syscall: MUTEX_LOCK
[0m[36m[TRACE] 17:42:16:284 Kernel/(8619:8619): MUTEX_LOCK MUTEX
[0m[36m[TRACE] 17:42:16:284 Kernel/(8619:8619): (0:4): Estado Anterior: EXEC - Estado Actual: EXEC
[0m[36m[TRACE] 17:42:16:284 Kernel/(8619:8619): [8] Se envía dispatch de hilo a [Servidor] CPU (Dispatch) [PID: 0 - TID: 4]
[0m[36m[TRACE] 17:42:16:409 Kernel/(8619:8788): [7] Se envía interrupcion por quantum tras 150 ms a [Servidor] CPU (Interrupt) [PID: 0 - TID: 4]
[0m[36m[TRACE] 17:42:17:954 Kernel/(8619:8619): [8] Se recibe desalojo de hilo de [Servidor] CPU (Dispatch) [PID: 0 - TID: 4 - Motivo: SYSCALL_EVICTION_REASON]
[0m[INFO] 17:42:17:954 Minimal/(8619:8619): ## (0:4) - Solicitó syscall: MUTEX_UNLOCK
[0m[36m[TRACE] 17:42:17:954 Kernel/(8619:8619): MUTEX_UNLOCK MUTEX
[0m[36m[TRACE] 17:42:17:954 Kernel/(8619:8619): [8] Se envía dispatch de hilo a [Servidor] CPU (Dispatch) [PID: 0 - TID: 4]
[0m[36m[TRACE] 17:42:18:079 Kernel/(8619:8788): [7] Se envía interrupcion por quantum tras 150 ms a [Servidor] CPU (Interrupt) [PID: 0 - TID: 4]
[0m[36m[TRACE] 17:42:19:227 Kernel/(8619:8619): [8] Se recibe desalojo de hilo de [Servidor] CPU (Dispatch) [PID: 0 - TID: 4 - Motivo: SYSCALL_EVICTION_REASON]
[0m[INFO] 17:42:19:228 Minimal/(8619:8619): ## (0:4) - Solicitó syscall: MUTEX_LOCK
[0m[36m[TRACE] 17:42:19:228 Kernel/(8619:8619): MUTEX_LOCK MUTEX
[0m[36m[TRACE] 17:42:19:228 Kernel/(8619:8619): (0:4): Estado Anterior: EXEC - Estado Actual: EXEC
[0m[36m[TRACE] 17:42:19:228 Kernel/(8619:8619): [8] Se envía dispatch de hilo a [Servidor] CPU (Dispatch) [PID: 0 - TID: 4]
[0m[36m[TRACE] 17:42:19:353 Kernel/(8619:8788): [7] Se envía interrupcion por quantum tras 150 ms a [Servidor] CPU (Interrupt) [PID: 0 - TID: 4]
[0m[36m[TRACE] 17:42:20:912 Kernel/(8619:8619): [8] Se recibe desalojo de hilo de [Servidor] CPU (Dispatch) [PID: 0 - TID: 4 - Motivo: SYSCALL_EVICTION_REASON]
[0m[INFO] 17:42:20:912 Minimal/(8619:8619): ## (0:4) - Solicitó syscall: MUTEX_UNLOCK
[0m[36m[TRACE] 17:42:20:912 Kernel/(8619:8619): MUTEX_UNLOCK MUTEX
[0m[36m[TRACE] 17:42:20:912 Kernel/(8619:8619): [8] Se envía dispatch de hilo a [Servidor] CPU (Dispatch) [PID: 0 - TID: 4]
[0m[36m[TRACE] 17:42:21:038 Kernel/(8619:8788): [7] Se envía interrupcion por quantum tras 150 ms a [Servidor] CPU (Interrupt) [PID: 0 - TID: 4]
[0m[36m[TRACE] 17:42:22:181 Kernel/(8619:8619): [8] Se recibe desalojo de hilo de [Servidor] CPU (Dispatch) [PID: 0 - TID: 4 - Motivo: SYSCALL_EVICTION_REASON]
[0m[INFO] 17:42:22:181 Minimal/(8619:8619): ## (0:4) - Solicitó syscall: MUTEX_LOCK
[0m[36m[TRACE] 17:42:22:181 Kernel/(8619:8619): MUTEX_LOCK MUTEX
[0m[36m[TRACE] 17:42:22:182 Kernel/(8619:8619): (0:4): Estado Anterior: EXEC - Estado Actual: EXEC
[0m[36m[TRACE] 17:42:22:182 Kernel/(8619:8619): [8] Se envía dispatch de hilo a [Servidor] CPU (Dispatch) [PID: 0 - TID: 4]
[0m[36m[TRACE] 17:42:22:307 Kernel/(8619:8788): [7] Se envía interrupcion por quantum tras 150 ms a [Servidor] CPU (Interrupt) [PID: 0 - TID: 4]
[0m[36m[TRACE] 17:42:23:856 Kernel/(8619:8619): [8] Se recibe desalojo de hilo de [Servidor] CPU (Dispatch) [PID: 0 - TID: 4 - Motivo: SYSCALL_EVICTION_REASON]
[0m[INFO] 17:42:23:856 Minimal/(8619:8619): ## (0:4) - Solicitó syscall: MUTEX_UNLOCK
[0m[36m[TRACE] 17:42:23:856 Kernel/(8619:8619): MUTEX_UNLOCK MUTEX
[0m[36m[TRACE] 17:42:23:856 Kernel/(8619:8619): [8] Se envía dispatch de hilo a [Servidor] CPU (Dispatch) [PID: 0 - TID: 4]
[0m[36m[TRACE] 17:42:23:981 Kernel/(8619:8788): [7] Se envía interrupcion por quantum tras 150 ms a [Servidor] CPU (Interrupt) [PID: 0 - TID: 4]
[0m[36m[TRACE] 17:42:25:142 Kernel/(8619:8619): [8] Se recibe desalojo de hilo de [Servidor] CPU (Dispatch) [PID: 0 - TID: 4 - Motivo: SYSCALL_EVICTION_REASON]
[0m[INFO] 17:42:25:142 Minimal/(8619:8619): ## (0:4) - Solicitó syscall: MUTEX_LOCK
[0m[36m[TRACE] 17:42:25:143 Kernel/(8619:8619): MUTEX_LOCK MUTEX
[0m[36m[TRACE] 17:42:25:143 Kernel/(8619:8619): (0:4): Estado Anterior: EXEC - Estado Actual: EXEC
[0m[36m[TRACE] 17:42:25:143 Kernel/(8619:8619): [8] Se envía dispatch de hilo a [Servidor] CPU (Dispatch) [PID: 0 - TID: 4]
[0m[36m[TRACE] 17:42:25:268 Kernel/(8619:8788): [7] Se envía interrupcion por quantum tras 150 ms a [Servidor] CPU (Interrupt) [PID: 0 - TID: 4]
[0m[36m[TRACE] 17:42:26:827 Kernel/(8619:8619): [8] Se recibe desalojo de hilo de [Servidor] CPU (Dispatch) [PID: 0 - TID: 4 - Motivo: SYSCALL_EVICTION_REASON]
[0m[INFO] 17:42:26:827 Minimal/(8619:8619): ## (0:4) - Solicitó syscall: MUTEX_UNLOCK
[0m[36m[TRACE] 17:42:26:827 Kernel/(8619:8619): MUTEX_UNLOCK MUTEX
[0m[36m[TRACE] 17:42:26:827 Kernel/(8619:8619): [8] Se envía dispatch de hilo a [Servidor] CPU (Dispatch) [PID: 0 - TID: 4]
[0m[36m[TRACE] 17:42:26:952 Kernel/(8619:8788): [7] Se envía interrupcion por quantum tras 150 ms a [Servidor] CPU (Interrupt) [PID: 0 - TID: 4]
[0m[36m[TRACE] 17:42:28:088 Kernel/(8619:8619): [8] Se recibe desalojo de hilo de [Servidor] CPU (Dispatch) [PID: 0 - TID: 4 - Motivo: SYSCALL_EVICTION_REASON]
[0m[INFO] 17:42:28:088 Minimal/(8619:8619): ## (0:4) - Solicitó syscall: MUTEX_LOCK
[0m[36m[TRACE] 17:42:28:088 Kernel/(8619:8619): MUTEX_LOCK MUTEX
[0m[36m[TRACE] 17:42:28:088 Kernel/(8619:8619): (0:4): Estado Anterior: EXEC - Estado Actual: EXEC
[0m[36m[TRACE] 17:42:28:088 Kernel/(8619:8619): [8] Se envía dispatch de hilo a [Servidor] CPU (Dispatch) [PID: 0 - TID: 4]
[0m[36m[TRACE] 17:42:28:213 Kernel/(8619:8788): [7] Se envía interrupcion por quantum tras 150 ms a [Servidor] CPU (Interrupt) [PID: 0 - TID: 4]
[0m[36m[TRACE] 17:42:29:763 Kernel/(8619:8619): [8] Se recibe desalojo de hilo de [Servidor] CPU (Dispatch) [PID: 0 - TID: 4 - Motivo: SYSCALL_EVICTION_REASON]
[0m[INFO] 17:42:29:763 Minimal/(8619:8619): ## (0:4) - Solicitó syscall: MUTEX_UNLOCK
[0m[36m[TRACE] 17:42:29:763 Kernel/(8619:8619): MUTEX_UNLOCK MUTEX
[0m[36m[TRACE] 17:42:29:764 Kernel/(8619:8619): [8] Se envía dispatch de hilo a [Servidor] CPU (Dispatch) [PID: 0 - TID: 4]
[0m[36m[TRACE] 17:42:29:889 Kernel/(8619:8788): [7] Se envía interrupcion por quantum tras 150 ms a [Servidor] CPU (Interrupt) [PID: 0 - TID: 4]
[0m[36m[TRACE] 17:42:31:040 Kernel/(8619:8619): [8] Se recibe desalojo de hilo de [Servidor] CPU (Dispatch) [PID: 0 - TID: 4 - Motivo: SYSCALL_EVICTION_REASON]
[0m[INFO] 17:42:31:040 Minimal/(8619:8619): ## (0:4) - Solicitó syscall: MUTEX_LOCK
[0m[36m[TRACE] 17:42:31:040 Kernel/(8619:8619): MUTEX_LOCK MUTEX
[0m[36m[TRACE] 17:42:31:040 Kernel/(8619:8619): (0:4): Estado Anterior: EXEC - Estado Actual: EXEC
[0m[36m[TRACE] 17:42:31:040 Kernel/(8619:8619): [8] Se envía dispatch de hilo a [Servidor] CPU (Dispatch) [PID: 0 - TID: 4]
[0m[36m[TRACE] 17:42:31:165 Kernel/(8619:8788): [7] Se envía interrupcion por quantum tras 150 ms a [Servidor] CPU (Interrupt) [PID: 0 - TID: 4]
[0m[36m[TRACE] 17:42:32:721 Kernel/(8619:8619): [8] Se recibe desalojo de hilo de [Servidor] CPU (Dispatch) [PID: 0 - TID: 4 - Motivo: SYSCALL_EVICTION_REASON]
[0m[INFO] 17:42:32:721 Minimal/(8619:8619): ## (0:4) - Solicitó syscall: MUTEX_UNLOCK
[0m[36m[TRACE] 17:42:32:721 Kernel/(8619:8619): MUTEX_UNLOCK MUTEX
[0m[36m[TRACE] 17:42:32:721 Kernel/(8619:8619): [8] Se envía dispatch de hilo a [Servidor] CPU (Dispatch) [PID: 0 - TID: 4]
[0m[36m[TRACE] 17:42:32:846 Kernel/(8619:8788): [7] Se envía interrupcion por quantum tras 150 ms a [Servidor] CPU (Interrupt) [PID: 0 - TID: 4]
[0m[36m[TRACE] 17:42:33:985 Kernel/(8619:8619): [8] Se recibe desalojo de hilo de [Servidor] CPU (Dispatch) [PID: 0 - TID: 4 - Motivo: SYSCALL_EVICTION_REASON]
[0m[INFO] 17:42:33:985 Minimal/(8619:8619): ## (0:4) - Solicitó syscall: MUTEX_LOCK
[0m[36m[TRACE] 17:42:33:985 Kernel/(8619:8619): MUTEX_LOCK MUTEX
[0m[36m[TRACE] 17:42:33:985 Kernel/(8619:8619): (0:4): Estado Anterior: EXEC - Estado Actual: EXEC
[0m[36m[TRACE] 17:42:33:985 Kernel/(8619:8619): [8] Se envía dispatch de hilo a [Servidor] CPU (Dispatch) [PID: 0 - TID: 4]
[0m[36m[TRACE] 17:42:34:110 Kernel/(8619:8788): [7] Se envía interrupcion por quantum tras 150 ms a [Servidor] CPU (Interrupt) [PID: 0 - TID: 4]
[0m[36m[TRACE] 17:42:35:660 Kernel/(8619:8619): [8] Se recibe desalojo de hilo de [Servidor] CPU (Dispatch) [PID: 0 - TID: 4 - Motivo: SYSCALL_EVICTION_REASON]
[0m[INFO] 17:42:35:660 Minimal/(8619:8619): ## (0:4) - Solicitó syscall: MUTEX_UNLOCK
[0m[36m[TRACE] 17:42:35:660 Kernel/(8619:8619): MUTEX_UNLOCK MUTEX
[0m[36m[TRACE] 17:42:35:660 Kernel/(8619:8619): [8] Se envía dispatch de hilo a [Servidor] CPU (Dispatch) [PID: 0 - TID: 4]
[0m[36m[TRACE] 17:42:35:786 Kernel/(8619:8788): [7] Se envía interrupcion por quantum tras 150 ms a [Servidor] CPU (Interrupt) [PID: 0 - TID: 4]
[0m[36m[TRACE] 17:42:36:929 Kernel/(8619:8619): [8] Se recibe desalojo de hilo de [Servidor] CPU (Dispatch) [PID: 0 - TID: 4 - Motivo: SYSCALL_EVICTION_REASON]
[0m[INFO] 17:42:36:929 Minimal/(8619:8619): ## (0:4) - Solicitó syscall: MUTEX_LOCK
[0m[36m[TRACE] 17:42:36:930 Kernel/(8619:8619): MUTEX_LOCK MUTEX
[0m[36m[TRACE] 17:42:36:930 Kernel/(8619:8619): (0:4): Estado Anterior: EXEC - Estado Actual: EXEC
[0m[36m[TRACE] 17:42:36:930 Kernel/(8619:8619): [8] Se envía dispatch de hilo a [Servidor] CPU (Dispatch) [PID: 0 - TID: 4]
[0m[36m[TRACE] 17:42:37:055 Kernel/(8619:8788): [7] Se envía interrupcion por quantum tras 150 ms a [Servidor] CPU (Interrupt) [PID: 0 - TID: 4]
[0m[36m[TRACE] 17:42:38:596 Kernel/(8619:8619): [8] Se recibe desalojo de hilo de [Servidor] CPU (Dispatch) [PID: 0 - TID: 4 - Motivo: SYSCALL_EVICTION_REASON]
[0m[INFO] 17:42:38:596 Minimal/(8619:8619): ## (0:4) - Solicitó syscall: MUTEX_UNLOCK
[0m[36m[TRACE] 17:42:38:596 Kernel/(8619:8619): MUTEX_UNLOCK MUTEX
[0m[36m[TRACE] 17:42:38:596 Kernel/(8619:8619): [8] Se envía dispatch de hilo a [Servidor] CPU (Dispatch) [PID: 0 - TID: 4]
[0m[36m[TRACE] 17:42:38:721 Kernel/(8619:8788): [7] Se envía interrupcion por quantum tras 150 ms a [Servidor] CPU (Interrupt) [PID: 0 - TID: 4]
[0m[36m[TRACE] 17:42:39:860 Kernel/(8619:8619): [8] Se recibe desalojo de hilo de [Servidor] CPU (Dispatch) [PID: 0 - TID: 4 - Motivo: SYSCALL_EVICTION_REASON]
[0m[INFO] 17:42:39:860 Minimal/(8619:8619): ## (0:4) - Solicitó syscall: MUTEX_LOCK
[0m[36m[TRACE] 17:42:39:860 Kernel/(8619:8619): MUTEX_LOCK MUTEX
[0m[36m[TRACE] 17:42:39:860 Kernel/(8619:8619): (0:4): Estado Anterior: EXEC - Estado Actual: EXEC
[0m[36m[TRACE] 17:42:39:860 Kernel/(8619:8619): [8] Se envía dispatch de hilo a [Servidor] CPU (Dispatch) [PID: 0 - TID: 4]
[0m[36m[TRACE] 17:42:39:986 Kernel/(8619:8788): [7] Se envía interrupcion por quantum tras 150 ms a [Servidor] CPU (Interrupt) [PID: 0 - TID: 4]
[0m[36m[TRACE] 17:42:41:557 Kernel/(8619:8619): [8] Se recibe desalojo de hilo de [Servidor] CPU (Dispatch) [PID: 0 - TID: 4 - Motivo: SYSCALL_EVICTION_REASON]
[0m[INFO] 17:42:41:557 Minimal/(8619:8619): ## (0:4) - Solicitó syscall: MUTEX_UNLOCK
[0m[36m[TRACE] 17:42:41:557 Kernel/(8619:8619): MUTEX_UNLOCK MUTEX
[0m[36m[TRACE] 17:42:41:557 Kernel/(8619:8619): [8] Se envía dispatch de hilo a [Servidor] CPU (Dispatch) [PID: 0 - TID: 4]
[0m[36m[TRACE] 17:42:41:682 Kernel/(8619:8788): [7] Se envía interrupcion por quantum tras 150 ms a [Servidor] CPU (Interrupt) [PID: 0 - TID: 4]
[0m[36m[TRACE] 17:42:42:613 Kernel/(8619:8619): [8] Se recibe desalojo de hilo de [Servidor] CPU (Dispatch) [PID: 0 - TID: 4 - Motivo: EXIT_EVICTION_REASON]
[0m[INFO] 17:42:42:613 Minimal/(8619:8619): ## (0:4) - Solicitó syscall: THREAD_EXIT
[0m[36m[TRACE] 17:42:42:613 Kernel/(8619:8619): THREAD_EXIT
[0m[36m[TRACE] 17:42:42:613 Kernel/(8619:8619): (0:4): Estado Anterior: EXEC - Estado Actual: EXIT
[0m[36m[TRACE] 17:42:42:613 Kernel/(8619:8619): (0:0): Estado Anterior: READY - Estado Actual: EXEC
[0m[36m[TRACE] 17:42:42:614 Kernel/(8619:8619): [8] Se envía dispatch de hilo a [Servidor] CPU (Dispatch) [PID: 0 - TID: 0]
[0m[36m[TRACE] 17:42:42:614 Kernel/(8619:8787): Finaliza el hilo 0:4 - Motivo: THREAD_EXIT
[0m[36m[TRACE] 17:42:42:614 Kernel/(8619:8787): Conexión con [Servidor] Memoria iniciada
[0m[36m[TRACE] 17:42:42:614 Socket/(8619:8787): Intentando conectar con [Servidor] Memoria en IP: 192.168.1.134 - Puerto: 8002...
[0m[36m[TRACE] 17:42:42:617 Socket/(8619:8787): [9] Conectado con [Servidor] Memoria
[0m[32m[DEBUG] 17:42:42:619 Socket/(8619:8787): [9] OK Handshake con [Servidor] Memoria
[0m[36m[TRACE] 17:42:42:619 Kernel/(8619:8787): [9] Conexión con [Servidor] Memoria exitosa
[0m[36m[TRACE] 17:42:42:619 Kernel/(8619:8787): [9] Se envía solicitud de finalización de hilo a [Servidor] Memoria [PID: 0 - TID: 4]
[0m[36m[TRACE] 17:42:42:621 Kernel/(8619:8787): [9] Se recibe resultado de finalización de hilo de [Servidor] Memoria [PID: 0 - TID 4 - Resultado: 0]
[0m[INFO] 17:42:42:621 Minimal/(8619:8787): ## (0:4) Finaliza el hilo
[0m[36m[TRACE] 17:42:42:739 Kernel/(8619:8788): [7] Se envía interrupcion por quantum tras 150 ms a [Servidor] CPU (Interrupt) [PID: 0 - TID: 0]
[0m[36m[TRACE] 17:42:43:265 Kernel/(8619:8619): [8] Se recibe desalojo de hilo de [Servidor] CPU (Dispatch) [PID: 0 - TID: 0 - Motivo: SYSCALL_EVICTION_REASON]
[0m[INFO] 17:42:43:265 Minimal/(8619:8619): ## (0:0) - Solicitó syscall: THREAD_JOIN
[0m[36m[TRACE] 17:42:43:265 Kernel/(8619:8619): THREAD_JOIN 4
[0m[33m[WARNING] 17:42:43:265 Kernel/(8619:8619): No existe un hilo con TID <4>
[0m[36m[TRACE] 17:42:43:266 Kernel/(8619:8619): [8] Se envía dispatch de hilo a [Servidor] CPU (Dispatch) [PID: 0 - TID: 0]
[0m[36m[TRACE] 17:42:43:391 Kernel/(8619:8788): [7] Se envía interrupcion por quantum tras 150 ms a [Servidor] CPU (Interrupt) [PID: 0 - TID: 0]
[0m[36m[TRACE] 17:42:44:535 Kernel/(8619:8619): [8] Se recibe desalojo de hilo de [Servidor] CPU (Dispatch) [PID: 0 - TID: 0 - Motivo: EXIT_EVICTION_REASON]
[0m[INFO] 17:42:44:535 Minimal/(8619:8619): ## (0:0) - Solicitó syscall: PROCESS_EXIT
[0m[36m[TRACE] 17:42:44:535 Kernel/(8619:8619): PROCESS_EXIT
[0m[36m[TRACE] 17:42:44:535 Kernel/(8619:8619): (0:0): Estado Anterior: EXEC - Estado Actual: EXIT
[0m[36m[TRACE] 17:42:44:535 Kernel/(8619:8787): Finaliza el hilo 0:0 - Motivo: PROCESS_EXIT
[0m[36m[TRACE] 17:42:44:535 Kernel/(8619:8787): Conexión con [Servidor] Memoria iniciada
[0m[36m[TRACE] 17:42:44:535 Socket/(8619:8787): Intentando conectar con [Servidor] Memoria en IP: 192.168.1.134 - Puerto: 8002...
[0m[36m[TRACE] 17:42:44:537 Socket/(8619:8787): [9] Conectado con [Servidor] Memoria
[0m[32m[DEBUG] 17:42:44:541 Socket/(8619:8787): [9] OK Handshake con [Servidor] Memoria
[0m[36m[TRACE] 17:42:44:541 Kernel/(8619:8787): [9] Conexión con [Servidor] Memoria exitosa
[0m[36m[TRACE] 17:42:44:541 Kernel/(8619:8787): [9] Se envía solicitud de finalización de hilo a [Servidor] Memoria [PID: 0 - TID: 0]
[0m[36m[TRACE] 17:42:44:545 Kernel/(8619:8787): [9] Se recibe resultado de finalización de hilo de [Servidor] Memoria [PID: 0 - TID 0 - Resultado: 0]
[0m[INFO] 17:42:44:545 Minimal/(8619:8787): ## (0:0) Finaliza el hilo
[0m[36m[TRACE] 17:42:44:545 Kernel/(8619:8787): Conexión con [Servidor] Memoria iniciada
[0m[36m[TRACE] 17:42:44:545 Socket/(8619:8787): Intentando conectar con [Servidor] Memoria en IP: 192.168.1.134 - Puerto: 8002...
[0m[36m[TRACE] 17:42:44:546 Socket/(8619:8787): [9] Conectado con [Servidor] Memoria
[0m[32m[DEBUG] 17:42:44:548 Socket/(8619:8787): [9] OK Handshake con [Servidor] Memoria
[0m[36m[TRACE] 17:42:44:548 Kernel/(8619:8787): [9] Conexión con [Servidor] Memoria exitosa
[0m[36m[TRACE] 17:42:44:548 Kernel/(8619:8787): [9] Se envía solicitud de finalización de proceso a [Servidor] Memoria [PID: 0]
[0m[36m[TRACE] 17:42:44:552 Kernel/(8619:8787): [9] Se recibe resultado de finalización de proceso de [Servidor] Memoria [PID: 0 - Resultado: 0]
[0m[INFO] 17:42:44:552 Minimal/(8619:8787): ## Finaliza el proceso 0
[0m[32m[DEBUG] 17:42:44:552 Kernel/(8619:8787): Terminaron todos los procesos
[0m